# JRE version: Java(TM) SE Runtime Environment (8.0_31-b13) (build 1.8.0_31-b13)
# Java VM: Java HotSpot(TM) 64-Bit Server VM (25.31-b07 mixed mode windows-amd64 compressed oops)
Heap:
 PSYoungGen      total 289280K, used 117987K [0x00000000eab00000, 0x00000000ffd80000, 0x0000000100000000)
  eden space 283136K, 41% used [0x00000000eab00000,0x00000000f1e38f48,0x00000000fbf80000)
  from space 6144K, 0% used [0x00000000fbf80000,0x00000000fbf80000,0x00000000fc580000)
  to   space 31744K, 0% used [0x00000000fde80000,0x00000000fde80000,0x00000000ffd80000)
 ParOldGen       total 98816K, used 50121K [0x00000000c0000000, 0x00000000c6080000, 0x00000000eab00000)
  object space 98816K, 50% used [0x00000000c0000000,0x00000000c30f2600,0x00000000c6080000)
 Metaspace       used 69857K, capacity 72734K, committed 73728K, reserved 1114112K
  class space    used 9072K, capacity 9503K, committed 9984K, reserved 1048576K
GC Heap History (10 events):
Event: 4335.700 GC heap before
{Heap before GC invocations=32 (full 5):
 PSYoungGen      total 313856K, used 281088K [0x00000000eab00000, 0x00000000fff00000, 0x0000000100000000)
  eden space 281088K, 100% used [0x00000000eab00000,0x00000000fbd80000,0x00000000fbd80000)
  from space 32768K, 0% used [0x00000000fde00000,0x00000000fde00000,0x00000000ffe00000)
  to   space 33280K, 0% used [0x00000000fbd80000,0x00000000fbd80000,0x00000000fde00000)
 ParOldGen       total 98816K, used 48694K [0x00000000c0000000, 0x00000000c6080000, 0x00000000eab00000)
  object space 98816K, 49% used [0x00000000c0000000,0x00000000c2f8d838,0x00000000c6080000)
 Metaspace       used 69332K, capacity 72034K, committed 73216K, reserved 1112064K
  class space    used 9038K, capacity 9455K, committed 9984K, reserved 1048576K
Event: 4335.712 GC heap after
Heap after GC invocations=32 (full 5):
 PSYoungGen      total 314368K, used 7376K [0x00000000eab00000, 0x00000000fff80000, 0x0000000100000000)
  eden space 281088K, 0% used [0x00000000eab00000,0x00000000eab00000,0x00000000fbd80000)
  from space 33280K, 22% used [0x00000000fbd80000,0x00000000fc4b4030,0x00000000fde00000)
  to   space 32768K, 0% used [0x00000000fdf80000,0x00000000fdf80000,0x00000000fff80000)
 ParOldGen       total 98816K, used 48702K [0x00000000c0000000, 0x00000000c6080000, 0x00000000eab00000)
  object space 98816K, 49% used [0x00000000c0000000,0x00000000c2f8f838,0x00000000c6080000)
 Metaspace       used 69332K, capacity 72034K, committed 73216K, reserved 1112064K
  class space    used 9038K, capacity 9455K, committed 9984K, reserved 1048576K
}
Event: 4340.970 GC heap before
{Heap before GC invocations=33 (full 5):
 PSYoungGen      total 314368K, used 50646K [0x00000000eab00000, 0x00000000fff80000, 0x0000000100000000)
  eden space 281088K, 15% used [0x00000000eab00000,0x00000000ed541ac0,0x00000000fbd80000)
  from space 33280K, 22% used [0x00000000fbd80000,0x00000000fc4b4030,0x00000000fde00000)
  to   space 32768K, 0% used [0x00000000fdf80000,0x00000000fdf80000,0x00000000fff80000)
 ParOldGen       total 98816K, used 48702K [0x00000000c0000000, 0x00000000c6080000, 0x00000000eab00000)
  object space 98816K, 49% used [0x00000000c0000000,0x00000000c2f8f838,0x00000000c6080000)
 Metaspace       used 69554K, capacity 72262K, committed 73472K, reserved 1112064K
  class space    used 9044K, capacity 9461K, committed 9984K, reserved 1048576K
Event: 4340.977 GC heap after
Heap after GC invocations=33 (full 5):
 PSYoungGen      total 315904K, used 160K [0x00000000eab00000, 0x00000000fff80000, 0x0000000100000000)
  eden space 283136K, 0% used [0x00000000eab00000,0x00000000eab00000,0x00000000fbf80000)
  from space 32768K, 0% used [0x00000000fdf80000,0x00000000fdfa8000,0x00000000fff80000)
  to   space 32768K, 0% used [0x00000000fbf80000,0x00000000fbf80000,0x00000000fdf80000)
 ParOldGen       total 98816K, used 53790K [0x00000000c0000000, 0x00000000c6080000, 0x00000000eab00000)
  object space 98816K, 54% used [0x00000000c0000000,0x00000000c34879e8,0x00000000c6080000)
 Metaspace       used 69554K, capacity 72262K, committed 73472K, reserved 1112064K
  class space    used 9044K, capacity 9461K, committed 9984K, reserved 1048576K
}
Event: 4340.977 GC heap before
{Heap before GC invocations=34 (full 6):
 PSYoungGen      total 315904K, used 160K [0x00000000eab00000, 0x00000000fff80000, 0x0000000100000000)
  eden space 283136K, 0% used [0x00000000eab00000,0x00000000eab00000,0x00000000fbf80000)
  from space 32768K, 0% used [0x00000000fdf80000,0x00000000fdfa8000,0x00000000fff80000)
  to   space 32768K, 0% used [0x00000000fbf80000,0x00000000fbf80000,0x00000000fdf80000)
 ParOldGen       total 98816K, used 53790K [0x00000000c0000000, 0x00000000c6080000, 0x00000000eab00000)
  object space 98816K, 54% used [0x00000000c0000000,0x00000000c34879e8,0x00000000c6080000)
 Metaspace       used 69554K, capacity 72262K, committed 73472K, reserved 1112064K
  class space    used 9044K, capacity 9461K, committed 9984K, reserved 1048576K
Event: 4341.399 GC heap after
Heap after GC invocations=34 (full 6):
 PSYoungGen      total 315904K, used 0K [0x00000000eab00000, 0x00000000fff80000, 0x0000000100000000)
  eden space 283136K, 0% used [0x00000000eab00000,0x00000000eab00000,0x00000000fbf80000)
  from space 32768K, 0% used [0x00000000fdf80000,0x00000000fdf80000,0x00000000fff80000)
  to   space 32768K, 0% used [0x00000000fbf80000,0x00000000fbf80000,0x00000000fdf80000)
 ParOldGen       total 98816K, used 48871K [0x00000000c0000000, 0x00000000c6080000, 0x00000000eab00000)
  object space 98816K, 49% used [0x00000000c0000000,0x00000000c2fb9fa8,0x00000000c6080000)
 Metaspace       used 69528K, capacity 72174K, committed 73472K, reserved 1112064K
  class space    used 9036K, capacity 9453K, committed 9984K, reserved 1048576K
}
Event: 4678.149 GC heap before
{Heap before GC invocations=35 (full 6):
 PSYoungGen      total 315904K, used 192274K [0x00000000eab00000, 0x00000000fff80000, 0x0000000100000000)
  eden space 283136K, 67% used [0x00000000eab00000,0x00000000f66c48b8,0x00000000fbf80000)
  from space 32768K, 0% used [0x00000000fdf80000,0x00000000fdf80000,0x00000000fff80000)
  to   space 32768K, 0% used [0x00000000fbf80000,0x00000000fbf80000,0x00000000fdf80000)
 ParOldGen       total 98816K, used 48871K [0x00000000c0000000, 0x00000000c6080000, 0x00000000eab00000)
  object space 98816K, 49% used [0x00000000c0000000,0x00000000c2fb9fa8,0x00000000c6080000)
 Metaspace       used 69722K, capacity 72486K, committed 73472K, reserved 1112064K
  class space    used 9055K, capacity 9479K, committed 9984K, reserved 1048576K
Event: 4678.161 GC heap after
Heap after GC invocations=35 (full 6):
 PSYoungGen      total 289280K, used 5943K [0x00000000eab00000, 0x00000000ffd80000, 0x0000000100000000)
  eden space 283136K, 0% used [0x00000000eab00000,0x00000000eab00000,0x00000000fbf80000)
  from space 6144K, 96% used [0x00000000fbf80000,0x00000000fc54de40,0x00000000fc580000)
  to   space 31744K, 0% used [0x00000000fde80000,0x00000000fde80000,0x00000000ffd80000)
 ParOldGen       total 98816K, used 48879K [0x00000000c0000000, 0x00000000c6080000, 0x00000000eab00000)
  object space 98816K, 49% used [0x00000000c0000000,0x00000000c2fbbfa8,0x00000000c6080000)
 Metaspace       used 69722K, capacity 72486K, committed 73472K, reserved 1112064K
  class space    used 9055K, capacity 9479K, committed 9984K, reserved 1048576K
}
Event: 4678.161 GC heap before
{Heap before GC invocations=36 (full 7):
 PSYoungGen      total 289280K, used 5943K [0x00000000eab00000, 0x00000000ffd80000, 0x0000000100000000)
  eden space 283136K, 0% used [0x00000000eab00000,0x00000000eab00000,0x00000000fbf80000)
  from space 6144K, 96% used [0x00000000fbf80000,0x00000000fc54de40,0x00000000fc580000)
  to   space 31744K, 0% used [0x00000000fde80000,0x00000000fde80000,0x00000000ffd80000)
 ParOldGen       total 98816K, used 48879K [0x00000000c0000000, 0x00000000c6080000, 0x00000000eab00000)
  object space 98816K, 49% used [0x00000000c0000000,0x00000000c2fbbfa8,0x00000000c6080000)
 Metaspace       used 69722K, capacity 72486K, committed 73472K, reserved 1112064K
  class space    used 9055K, capacity 9479K, committed 9984K, reserved 1048576K
Event: 4678.484 GC heap after
Heap after GC invocations=36 (full 7):
 PSYoungGen      total 289280K, used 0K [0x00000000eab00000, 0x00000000ffd80000, 0x0000000100000000)
  eden space 283136K, 0% used [0x00000000eab00000,0x00000000eab00000,0x00000000fbf80000)
  from space 6144K, 0% used [0x00000000fbf80000,0x00000000fbf80000,0x00000000fc580000)
  to   space 31744K, 0% used [0x00000000fde80000,0x00000000fde80000,0x00000000ffd80000)
 ParOldGen       total 98816K, used 50121K [0x00000000c0000000, 0x00000000c6080000, 0x00000000eab00000)
  object space 98816K, 50% used [0x00000000c0000000,0x00000000c30f2600,0x00000000c6080000)
 Metaspace       used 69722K, capacity 72486K, committed 73472K, reserved 1112064K
  class space    used 9055K, capacity 9479K, committed 9984K, reserved 1048576K
}

