# JRE version: Java(TM) SE Runtime Environment (8.0_31-b13) (build 1.8.0_31-b13)
# Java VM: Java HotSpot(TM) 64-Bit Server VM (25.31-b07 mixed mode windows-amd64 compressed oops)
Heap:
 PSYoungGen      total 318464K, used 194548K [0x00000000eab00000, 0x00000000fff00000, 0x0000000100000000)
  eden space 292864K, 64% used [0x00000000eab00000,0x00000000f6415660,0x00000000fc900000)
  from space 25600K, 19% used [0x00000000fc900000,0x00000000fcde7c70,0x00000000fe200000)
  to   space 24576K, 0% used [0x00000000fe700000,0x00000000fe700000,0x00000000fff00000)
 ParOldGen       total 109056K, used 50071K [0x00000000c0000000, 0x00000000c6a80000, 0x00000000eab00000)
  object space 109056K, 45% used [0x00000000c0000000,0x00000000c30e5d60,0x00000000c6a80000)
 Metaspace       used 71404K, capacity 74586K, committed 75136K, reserved 1114112K
  class space    used 9188K, capacity 9631K, committed 9856K, reserved 1048576K
GC Heap History (10 events):
Event: 7738.178 GC heap before
{Heap before GC invocations=36 (full 6):
 PSYoungGen      total 271360K, used 160K [0x00000000eab00000, 0x00000000fcf80000, 0x0000000100000000)
  eden space 243200K, 0% used [0x00000000eab00000,0x00000000eab00000,0x00000000f9880000)
  from space 28160K, 0% used [0x00000000fb400000,0x00000000fb428000,0x00000000fcf80000)
  to   space 28160K, 0% used [0x00000000f9880000,0x00000000f9880000,0x00000000fb400000)
 ParOldGen       total 109056K, used 59732K [0x00000000c0000000, 0x00000000c6a80000, 0x00000000eab00000)
  object space 109056K, 54% used [0x00000000c0000000,0x00000000c3a551e8,0x00000000c6a80000)
 Metaspace       used 69448K, capacity 71864K, committed 72960K, reserved 1112064K
  class space    used 9052K, capacity 9440K, committed 9728K, reserved 1048576K
Event: 7738.823 GC heap after
Heap after GC invocations=36 (full 6):
 PSYoungGen      total 271360K, used 0K [0x00000000eab00000, 0x00000000fcf80000, 0x0000000100000000)
  eden space 243200K, 0% used [0x00000000eab00000,0x00000000eab00000,0x00000000f9880000)
  from space 28160K, 0% used [0x00000000fb400000,0x00000000fb400000,0x00000000fcf80000)
  to   space 28160K, 0% used [0x00000000f9880000,0x00000000f9880000,0x00000000fb400000)
 ParOldGen       total 109056K, used 48675K [0x00000000c0000000, 0x00000000c6a80000, 0x00000000eab00000)
  object space 109056K, 44% used [0x00000000c0000000,0x00000000c2f88c38,0x00000000c6a80000)
 Metaspace       used 69448K, capacity 71864K, committed 72960K, reserved 1112064K
  class space    used 9052K, capacity 9440K, committed 9728K, reserved 1048576K
}
Event: 8112.023 GC heap before
{Heap before GC invocations=37 (full 6):
 PSYoungGen      total 271360K, used 243200K [0x00000000eab00000, 0x00000000fcf80000, 0x0000000100000000)
  eden space 243200K, 100% used [0x00000000eab00000,0x00000000f9880000,0x00000000f9880000)
  from space 28160K, 0% used [0x00000000fb400000,0x00000000fb400000,0x00000000fcf80000)
  to   space 28160K, 0% used [0x00000000f9880000,0x00000000f9880000,0x00000000fb400000)
 ParOldGen       total 109056K, used 48675K [0x00000000c0000000, 0x00000000c6a80000, 0x00000000eab00000)
  object space 109056K, 44% used [0x00000000c0000000,0x00000000c2f88c38,0x00000000c6a80000)
 Metaspace       used 69962K, capacity 72558K, committed 73472K, reserved 1114112K
  class space    used 9094K, capacity 9493K, committed 9728K, reserved 1048576K
Event: 8112.050 GC heap after
Heap after GC invocations=37 (full 6):
 PSYoungGen      total 271360K, used 7792K [0x00000000eab00000, 0x00000000ffd00000, 0x0000000100000000)
  eden space 243200K, 0% used [0x00000000eab00000,0x00000000eab00000,0x00000000f9880000)
  from space 28160K, 27% used [0x00000000f9880000,0x00000000fa01c030,0x00000000fb400000)
  to   space 26624K, 0% used [0x00000000fe300000,0x00000000fe300000,0x00000000ffd00000)
 ParOldGen       total 109056K, used 48675K [0x00000000c0000000, 0x00000000c6a80000, 0x00000000eab00000)
  object space 109056K, 44% used [0x00000000c0000000,0x00000000c2f88c38,0x00000000c6a80000)
 Metaspace       used 69962K, capacity 72558K, committed 73472K, reserved 1114112K
  class space    used 9094K, capacity 9493K, committed 9728K, reserved 1048576K
}
Event: 8122.340 GC heap before
{Heap before GC invocations=38 (full 6):
 PSYoungGen      total 271360K, used 189235K [0x00000000eab00000, 0x00000000ffd00000, 0x0000000100000000)
  eden space 243200K, 74% used [0x00000000eab00000,0x00000000f5c30f88,0x00000000f9880000)
  from space 28160K, 27% used [0x00000000f9880000,0x00000000fa01c030,0x00000000fb400000)
  to   space 26624K, 0% used [0x00000000fe300000,0x00000000fe300000,0x00000000ffd00000)
 ParOldGen       total 109056K, used 48675K [0x00000000c0000000, 0x00000000c6a80000, 0x00000000eab00000)
  object space 109056K, 44% used [0x00000000c0000000,0x00000000c2f88c38,0x00000000c6a80000)
 Metaspace       used 70615K, capacity 73372K, committed 73984K, reserved 1114112K
  class space    used 9119K, capacity 9548K, committed 9728K, reserved 1048576K
Event: 8122.363 GC heap after
Heap after GC invocations=38 (full 6):
 PSYoungGen      total 317440K, used 5331K [0x00000000eab00000, 0x00000000ffb00000, 0x0000000100000000)
  eden space 292864K, 0% used [0x00000000eab00000,0x00000000eab00000,0x00000000fc900000)
  from space 24576K, 21% used [0x00000000fe300000,0x00000000fe834e70,0x00000000ffb00000)
  to   space 25600K, 0% used [0x00000000fc900000,0x00000000fc900000,0x00000000fe200000)
 ParOldGen       total 109056K, used 49791K [0x00000000c0000000, 0x00000000c6a80000, 0x00000000eab00000)
  object space 109056K, 45% used [0x00000000c0000000,0x00000000c309fda0,0x00000000c6a80000)
 Metaspace       used 70615K, capacity 73372K, committed 73984K, reserved 1114112K
  class space    used 9119K, capacity 9548K, committed 9728K, reserved 1048576K
}
Event: 8122.364 GC heap before
{Heap before GC invocations=39 (full 7):
 PSYoungGen      total 317440K, used 5331K [0x00000000eab00000, 0x00000000ffb00000, 0x0000000100000000)
  eden space 292864K, 0% used [0x00000000eab00000,0x00000000eab00000,0x00000000fc900000)
  from space 24576K, 21% used [0x00000000fe300000,0x00000000fe834e70,0x00000000ffb00000)
  to   space 25600K, 0% used [0x00000000fc900000,0x00000000fc900000,0x00000000fe200000)
 ParOldGen       total 109056K, used 49791K [0x00000000c0000000, 0x00000000c6a80000, 0x00000000eab00000)
  object space 109056K, 45% used [0x00000000c0000000,0x00000000c309fda0,0x00000000c6a80000)
 Metaspace       used 70615K, capacity 73372K, committed 73984K, reserved 1114112K
  class space    used 9119K, capacity 9548K, committed 9728K, reserved 1048576K
Event: 8122.970 GC heap after
Heap after GC invocations=39 (full 7):
 PSYoungGen      total 317440K, used 0K [0x00000000eab00000, 0x00000000ffb00000, 0x0000000100000000)
  eden space 292864K, 0% used [0x00000000eab00000,0x00000000eab00000,0x00000000fc900000)
  from space 24576K, 0% used [0x00000000fe300000,0x00000000fe300000,0x00000000ffb00000)
  to   space 25600K, 0% used [0x00000000fc900000,0x00000000fc900000,0x00000000fe200000)
 ParOldGen       total 109056K, used 50071K [0x00000000c0000000, 0x00000000c6a80000, 0x00000000eab00000)
  object space 109056K, 45% used [0x00000000c0000000,0x00000000c30e5d60,0x00000000c6a80000)
 Metaspace       used 70589K, capacity 73284K, committed 73984K, reserved 1114112K
  class space    used 9111K, capacity 9540K, committed 9728K, reserved 1048576K
}
Event: 8220.407 GC heap before
{Heap before GC invocations=40 (full 7):
 PSYoungGen      total 317440K, used 292864K [0x00000000eab00000, 0x00000000ffb00000, 0x0000000100000000)
  eden space 292864K, 100% used [0x00000000eab00000,0x00000000fc900000,0x00000000fc900000)
  from space 24576K, 0% used [0x00000000fe300000,0x00000000fe300000,0x00000000ffb00000)
  to   space 25600K, 0% used [0x00000000fc900000,0x00000000fc900000,0x00000000fe200000)
 ParOldGen       total 109056K, used 50071K [0x00000000c0000000, 0x00000000c6a80000, 0x00000000eab00000)
  object space 109056K, 45% used [0x00000000c0000000,0x00000000c30e5d60,0x00000000c6a80000)
 Metaspace       used 71176K, capacity 74138K, committed 74624K, reserved 1114112K
  class space    used 9162K, capacity 9603K, committed 9856K, reserved 1048576K
Event: 8220.422 GC heap after
Heap after GC invocations=40 (full 7):
 PSYoungGen      total 318464K, used 5023K [0x00000000eab00000, 0x00000000fff00000, 0x0000000100000000)
  eden space 292864K, 0% used [0x00000000eab00000,0x00000000eab00000,0x00000000fc900000)
  from space 25600K, 19% used [0x00000000fc900000,0x00000000fcde7c70,0x00000000fe200000)
  to   space 24576K, 0% used [0x00000000fe700000,0x00000000fe700000,0x00000000fff00000)
 ParOldGen       total 109056K, used 50071K [0x00000000c0000000, 0x00000000c6a80000, 0x00000000eab00000)
  object space 109056K, 45% used [0x00000000c0000000,0x00000000c30e5d60,0x00000000c6a80000)
 Metaspace       used 71176K, capacity 74138K, committed 74624K, reserved 1114112K
  class space    used 9162K, capacity 9603K, committed 9856K, reserved 1048576K
}

