# JRE version: Java(TM) SE Runtime Environment (8.0_31-b13) (build 1.8.0_31-b13)
# Java VM: Java HotSpot(TM) 64-Bit Server VM (25.31-b07 mixed mode windows-amd64 compressed oops)
Heap:
 PSYoungGen      total 152576K, used 123396K [0x00000000eab00000, 0x00000000f6280000, 0x0000000100000000)
  eden space 132608K, 88% used [0x00000000eab00000,0x00000000f1d23aa8,0x00000000f2c80000)
  from space 19968K, 32% used [0x00000000f4000000,0x00000000f465d7d8,0x00000000f5380000)
  to   space 19968K, 0% used [0x00000000f2c80000,0x00000000f2c80000,0x00000000f4000000)
 ParOldGen       total 98304K, used 48064K [0x00000000c0000000, 0x00000000c6000000, 0x00000000eab00000)
  object space 98304K, 48% used [0x00000000c0000000,0x00000000c2ef0018,0x00000000c6000000)
 Metaspace       used 69890K, capacity 72732K, committed 73984K, reserved 1114112K
  class space    used 9014K, capacity 9468K, committed 9984K, reserved 1048576K
GC Heap History (10 events):
Event: 11700.508 GC heap before
{Heap before GC invocations=33 (full 6):
 PSYoungGen      total 157184K, used 151360K [0x00000000eab00000, 0x00000000f5f80000, 0x0000000100000000)
  eden space 140800K, 100% used [0x00000000eab00000,0x00000000f3480000,0x00000000f3480000)
  from space 16384K, 64% used [0x00000000f4f80000,0x00000000f59d0020,0x00000000f5f80000)
  to   space 22016K, 0% used [0x00000000f3480000,0x00000000f3480000,0x00000000f4a00000)
 ParOldGen       total 98304K, used 43025K [0x00000000c0000000, 0x00000000c6000000, 0x00000000eab00000)
  object space 98304K, 43% used [0x00000000c0000000,0x00000000c2a04788,0x00000000c6000000)
 Metaspace       used 69096K, capacity 71608K, committed 73472K, reserved 1112064K
  class space    used 8937K, capacity 9340K, committed 9984K, reserved 1048576K
Event: 11700.528 GC heap after
Heap after GC invocations=33 (full 6):
 PSYoungGen      total 144896K, used 8160K [0x00000000eab00000, 0x00000000f5a80000, 0x0000000100000000)
  eden space 136704K, 0% used [0x00000000eab00000,0x00000000eab00000,0x00000000f3080000)
  from space 8192K, 99% used [0x00000000f3480000,0x00000000f3c78020,0x00000000f3c80000)
  to   space 21504K, 0% used [0x00000000f4580000,0x00000000f4580000,0x00000000f5a80000)
 ParOldGen       total 98304K, used 43025K [0x00000000c0000000, 0x00000000c6000000, 0x00000000eab00000)
  object space 98304K, 43% used [0x00000000c0000000,0x00000000c2a04788,0x00000000c6000000)
 Metaspace       used 69096K, capacity 71608K, committed 73472K, reserved 1112064K
  class space    used 8937K, capacity 9340K, committed 9984K, reserved 1048576K
}
Event: 11702.920 GC heap before
{Heap before GC invocations=34 (full 6):
 PSYoungGen      total 144896K, used 144864K [0x00000000eab00000, 0x00000000f5a80000, 0x0000000100000000)
  eden space 136704K, 100% used [0x00000000eab00000,0x00000000f3080000,0x00000000f3080000)
  from space 8192K, 99% used [0x00000000f3480000,0x00000000f3c78020,0x00000000f3c80000)
  to   space 21504K, 0% used [0x00000000f4580000,0x00000000f4580000,0x00000000f5a80000)
 ParOldGen       total 98304K, used 43025K [0x00000000c0000000, 0x00000000c6000000, 0x00000000eab00000)
  object space 98304K, 43% used [0x00000000c0000000,0x00000000c2a04788,0x00000000c6000000)
 Metaspace       used 69270K, capacity 71756K, committed 73472K, reserved 1112064K
  class space    used 8945K, capacity 9354K, committed 9984K, reserved 1048576K
Event: 11702.977 GC heap after
Heap after GC invocations=34 (full 6):
 PSYoungGen      total 148992K, used 11999K [0x00000000eab00000, 0x00000000f5580000, 0x0000000100000000)
  eden space 132608K, 0% used [0x00000000eab00000,0x00000000eab00000,0x00000000f2c80000)
  from space 16384K, 73% used [0x00000000f4580000,0x00000000f5137c70,0x00000000f5580000)
  to   space 20992K, 0% used [0x00000000f2c80000,0x00000000f2c80000,0x00000000f4100000)
 ParOldGen       total 98304K, used 43025K [0x00000000c0000000, 0x00000000c6000000, 0x00000000eab00000)
  object space 98304K, 43% used [0x00000000c0000000,0x00000000c2a04788,0x00000000c6000000)
 Metaspace       used 69270K, capacity 71756K, committed 73472K, reserved 1112064K
  class space    used 8945K, capacity 9354K, committed 9984K, reserved 1048576K
}
Event: 11704.209 GC heap before
{Heap before GC invocations=35 (full 6):
 PSYoungGen      total 148992K, used 41474K [0x00000000eab00000, 0x00000000f5580000, 0x0000000100000000)
  eden space 132608K, 22% used [0x00000000eab00000,0x00000000ec7c8d80,0x00000000f2c80000)
  from space 16384K, 73% used [0x00000000f4580000,0x00000000f5137c70,0x00000000f5580000)
  to   space 20992K, 0% used [0x00000000f2c80000,0x00000000f2c80000,0x00000000f4100000)
 ParOldGen       total 98304K, used 43025K [0x00000000c0000000, 0x00000000c6000000, 0x00000000eab00000)
  object space 98304K, 43% used [0x00000000c0000000,0x00000000c2a04788,0x00000000c6000000)
 Metaspace       used 69457K, capacity 72008K, committed 73728K, reserved 1114112K
  class space    used 8958K, capacity 9392K, committed 9984K, reserved 1048576K
Event: 11704.232 GC heap after
Heap after GC invocations=35 (full 6):
 PSYoungGen      total 142848K, used 10016K [0x00000000eab00000, 0x00000000f5380000, 0x0000000100000000)
  eden space 132608K, 0% used [0x00000000eab00000,0x00000000eab00000,0x00000000f2c80000)
  from space 10240K, 97% used [0x00000000f2c80000,0x00000000f3648020,0x00000000f3680000)
  to   space 19968K, 0% used [0x00000000f4000000,0x00000000f4000000,0x00000000f5380000)
 ParOldGen       total 98304K, used 43025K [0x00000000c0000000, 0x00000000c6000000, 0x00000000eab00000)
  object space 98304K, 43% used [0x00000000c0000000,0x00000000c2a04788,0x00000000c6000000)
 Metaspace       used 69457K, capacity 72008K, committed 73728K, reserved 1114112K
  class space    used 8958K, capacity 9392K, committed 9984K, reserved 1048576K
}
Event: 11704.232 GC heap before
{Heap before GC invocations=36 (full 7):
 PSYoungGen      total 142848K, used 10016K [0x00000000eab00000, 0x00000000f5380000, 0x0000000100000000)
  eden space 132608K, 0% used [0x00000000eab00000,0x00000000eab00000,0x00000000f2c80000)
  from space 10240K, 97% used [0x00000000f2c80000,0x00000000f3648020,0x00000000f3680000)
  to   space 19968K, 0% used [0x00000000f4000000,0x00000000f4000000,0x00000000f5380000)
 ParOldGen       total 98304K, used 43025K [0x00000000c0000000, 0x00000000c6000000, 0x00000000eab00000)
  object space 98304K, 43% used [0x00000000c0000000,0x00000000c2a04788,0x00000000c6000000)
 Metaspace       used 69457K, capacity 72008K, committed 73728K, reserved 1114112K
  class space    used 8958K, capacity 9392K, committed 9984K, reserved 1048576K
Event: 11704.795 GC heap after
Heap after GC invocations=36 (full 7):
 PSYoungGen      total 142848K, used 0K [0x00000000eab00000, 0x00000000f5380000, 0x0000000100000000)
  eden space 132608K, 0% used [0x00000000eab00000,0x00000000eab00000,0x00000000f2c80000)
  from space 10240K, 0% used [0x00000000f2c80000,0x00000000f2c80000,0x00000000f3680000)
  to   space 19968K, 0% used [0x00000000f4000000,0x00000000f4000000,0x00000000f5380000)
 ParOldGen       total 98304K, used 48056K [0x00000000c0000000, 0x00000000c6000000, 0x00000000eab00000)
  object space 98304K, 48% used [0x00000000c0000000,0x00000000c2eee018,0x00000000c6000000)
 Metaspace       used 69440K, capacity 71954K, committed 73728K, reserved 1114112K
  class space    used 8953K, capacity 9383K, committed 9984K, reserved 1048576K
}
Event: 11711.073 GC heap before
{Heap before GC invocations=37 (full 7):
 PSYoungGen      total 142848K, used 132608K [0x00000000eab00000, 0x00000000f5380000, 0x0000000100000000)
  eden space 132608K, 100% used [0x00000000eab00000,0x00000000f2c80000,0x00000000f2c80000)
  from space 10240K, 0% used [0x00000000f2c80000,0x00000000f2c80000,0x00000000f3680000)
  to   space 19968K, 0% used [0x00000000f4000000,0x00000000f4000000,0x00000000f5380000)
 ParOldGen       total 98304K, used 48056K [0x00000000c0000000, 0x00000000c6000000, 0x00000000eab00000)
  object space 98304K, 48% used [0x00000000c0000000,0x00000000c2eee018,0x00000000c6000000)
 Metaspace       used 69668K, capacity 72336K, committed 73728K, reserved 1114112K
  class space    used 8988K, capacity 9430K, committed 9984K, reserved 1048576K
Event: 11711.096 GC heap after
Heap after GC invocations=37 (full 7):
 PSYoungGen      total 152576K, used 6517K [0x00000000eab00000, 0x00000000f6280000, 0x0000000100000000)
  eden space 132608K, 0% used [0x00000000eab00000,0x00000000eab00000,0x00000000f2c80000)
  from space 19968K, 32% used [0x00000000f4000000,0x00000000f465d7d8,0x00000000f5380000)
  to   space 19968K, 0% used [0x00000000f2c80000,0x00000000f2c80000,0x00000000f4000000)
 ParOldGen       total 98304K, used 48064K [0x00000000c0000000, 0x00000000c6000000, 0x00000000eab00000)
  object space 98304K, 48% used [0x00000000c0000000,0x00000000c2ef0018,0x00000000c6000000)
 Metaspace       used 69668K, capacity 72336K, committed 73728K, reserved 1114112K
  class space    used 8988K, capacity 9430K, committed 9984K, reserved 1048576K
}

