# JRE version: Java(TM) SE Runtime Environment (8.0_31-b13) (build 1.8.0_31-b13)
# Java VM: Java HotSpot(TM) 64-Bit Server VM (25.31-b07 mixed mode windows-amd64 compressed oops)
Heap:
 PSYoungGen      total 321024K, used 51431K [0x00000000eab00000, 0x0000000100000000, 0x0000000100000000)
  eden space 297472K, 15% used [0x00000000eab00000,0x00000000ed868160,0x00000000fcd80000)
  from space 23552K, 20% used [0x00000000fe380000,0x00000000fe851e30,0x00000000ffa80000)
  to   space 22528K, 0% used [0x00000000fcd80000,0x00000000fcd80000,0x00000000fe380000)
 ParOldGen       total 127488K, used 43666K [0x00000000c0000000, 0x00000000c7c80000, 0x00000000eab00000)
  object space 127488K, 34% used [0x00000000c0000000,0x00000000c2aa4ba8,0x00000000c7c80000)
 Metaspace       used 64104K, capacity 67260K, committed 67584K, reserved 1107968K
  class space    used 8131K, capacity 8583K, committed 8704K, reserved 1048576K
GC Heap History (10 events):
Event: 1308.881 GC heap before
{Heap before GC invocations=26 (full 6):
 PSYoungGen      total 319488K, used 150341K [0x00000000eab00000, 0x00000000ffd80000, 0x0000000100000000)
  eden space 293888K, 49% used [0x00000000eab00000,0x00000000f38e9a40,0x00000000fca00000)
  from space 25600K, 19% used [0x00000000fca00000,0x00000000fcee7c50,0x00000000fe300000)
  to   space 25088K, 0% used [0x00000000fe500000,0x00000000fe500000,0x00000000ffd80000)
 ParOldGen       total 127488K, used 42496K [0x00000000c0000000, 0x00000000c7c80000, 0x00000000eab00000)
  object space 127488K, 33% used [0x00000000c0000000,0x00000000c2980000,0x00000000c7c80000)
 Metaspace       used 63527K, capacity 66554K, committed 66688K, reserved 1107968K
  class space    used 8093K, capacity 8516K, committed 8576K, reserved 1048576K
Event: 1308.889 GC heap after
Heap after GC invocations=26 (full 6):
 PSYoungGen      total 320512K, used 3183K [0x00000000eab00000, 0x00000000ffc80000, 0x0000000100000000)
  eden space 296448K, 0% used [0x00000000eab00000,0x00000000eab00000,0x00000000fcc80000)
  from space 24064K, 13% used [0x00000000fe500000,0x00000000fe81bc40,0x00000000ffc80000)
  to   space 24576K, 0% used [0x00000000fcc80000,0x00000000fcc80000,0x00000000fe480000)
 ParOldGen       total 127488K, used 45016K [0x00000000c0000000, 0x00000000c7c80000, 0x00000000eab00000)
  object space 127488K, 35% used [0x00000000c0000000,0x00000000c2bf61a8,0x00000000c7c80000)
 Metaspace       used 63527K, capacity 66554K, committed 66688K, reserved 1107968K
  class space    used 8093K, capacity 8516K, committed 8576K, reserved 1048576K
}
Event: 1308.889 GC heap before
{Heap before GC invocations=27 (full 7):
 PSYoungGen      total 320512K, used 3183K [0x00000000eab00000, 0x00000000ffc80000, 0x0000000100000000)
  eden space 296448K, 0% used [0x00000000eab00000,0x00000000eab00000,0x00000000fcc80000)
  from space 24064K, 13% used [0x00000000fe500000,0x00000000fe81bc40,0x00000000ffc80000)
  to   space 24576K, 0% used [0x00000000fcc80000,0x00000000fcc80000,0x00000000fe480000)
 ParOldGen       total 127488K, used 45016K [0x00000000c0000000, 0x00000000c7c80000, 0x00000000eab00000)
  object space 127488K, 35% used [0x00000000c0000000,0x00000000c2bf61a8,0x00000000c7c80000)
 Metaspace       used 63527K, capacity 66554K, committed 66688K, reserved 1107968K
  class space    used 8093K, capacity 8516K, committed 8576K, reserved 1048576K
Event: 1309.307 GC heap after
Heap after GC invocations=27 (full 7):
 PSYoungGen      total 320512K, used 0K [0x00000000eab00000, 0x00000000ffc80000, 0x0000000100000000)
  eden space 296448K, 0% used [0x00000000eab00000,0x00000000eab00000,0x00000000fcc80000)
  from space 24064K, 0% used [0x00000000fe500000,0x00000000fe500000,0x00000000ffc80000)
  to   space 24576K, 0% used [0x00000000fcc80000,0x00000000fcc80000,0x00000000fe480000)
 ParOldGen       total 127488K, used 42952K [0x00000000c0000000, 0x00000000c7c80000, 0x00000000eab00000)
  object space 127488K, 33% used [0x00000000c0000000,0x00000000c29f23b0,0x00000000c7c80000)
 Metaspace       used 63475K, capacity 66378K, committed 66688K, reserved 1107968K
  class space    used 8077K, capacity 8500K, committed 8576K, reserved 1048576K
}
Event: 1597.704 GC heap before
{Heap before GC invocations=28 (full 7):
 PSYoungGen      total 320512K, used 239664K [0x00000000eab00000, 0x00000000ffc80000, 0x0000000100000000)
  eden space 296448K, 80% used [0x00000000eab00000,0x00000000f950c308,0x00000000fcc80000)
  from space 24064K, 0% used [0x00000000fe500000,0x00000000fe500000,0x00000000ffc80000)
  to   space 24576K, 0% used [0x00000000fcc80000,0x00000000fcc80000,0x00000000fe480000)
 ParOldGen       total 127488K, used 42952K [0x00000000c0000000, 0x00000000c7c80000, 0x00000000eab00000)
  object space 127488K, 33% used [0x00000000c0000000,0x00000000c29f23b0,0x00000000c7c80000)
 Metaspace       used 63667K, capacity 66726K, committed 66944K, reserved 1107968K
  class space    used 8098K, capacity 8550K, committed 8576K, reserved 1048576K
Event: 1597.714 GC heap after
Heap after GC invocations=28 (full 7):
 PSYoungGen      total 303104K, used 6159K [0x00000000eab00000, 0x00000000ffa80000, 0x0000000100000000)
  eden space 296448K, 0% used [0x00000000eab00000,0x00000000eab00000,0x00000000fcc80000)
  from space 6656K, 92% used [0x00000000fcc80000,0x00000000fd283c80,0x00000000fd300000)
  to   space 23552K, 0% used [0x00000000fe380000,0x00000000fe380000,0x00000000ffa80000)
 ParOldGen       total 127488K, used 42960K [0x00000000c0000000, 0x00000000c7c80000, 0x00000000eab00000)
  object space 127488K, 33% used [0x00000000c0000000,0x00000000c29f43b0,0x00000000c7c80000)
 Metaspace       used 63667K, capacity 66726K, committed 66944K, reserved 1107968K
  class space    used 8098K, capacity 8550K, committed 8576K, reserved 1048576K
}
Event: 1597.714 GC heap before
{Heap before GC invocations=29 (full 8):
 PSYoungGen      total 303104K, used 6159K [0x00000000eab00000, 0x00000000ffa80000, 0x0000000100000000)
  eden space 296448K, 0% used [0x00000000eab00000,0x00000000eab00000,0x00000000fcc80000)
  from space 6656K, 92% used [0x00000000fcc80000,0x00000000fd283c80,0x00000000fd300000)
  to   space 23552K, 0% used [0x00000000fe380000,0x00000000fe380000,0x00000000ffa80000)
 ParOldGen       total 127488K, used 42960K [0x00000000c0000000, 0x00000000c7c80000, 0x00000000eab00000)
  object space 127488K, 33% used [0x00000000c0000000,0x00000000c29f43b0,0x00000000c7c80000)
 Metaspace       used 63667K, capacity 66726K, committed 66944K, reserved 1107968K
  class space    used 8098K, capacity 8550K, committed 8576K, reserved 1048576K
Event: 1597.907 GC heap after
Heap after GC invocations=29 (full 8):
 PSYoungGen      total 303104K, used 0K [0x00000000eab00000, 0x00000000ffa80000, 0x0000000100000000)
  eden space 296448K, 0% used [0x00000000eab00000,0x00000000eab00000,0x00000000fcc80000)
  from space 6656K, 0% used [0x00000000fcc80000,0x00000000fcc80000,0x00000000fd300000)
  to   space 23552K, 0% used [0x00000000fe380000,0x00000000fe380000,0x00000000ffa80000)
 ParOldGen       total 127488K, used 43658K [0x00000000c0000000, 0x00000000c7c80000, 0x00000000eab00000)
  object space 127488K, 34% used [0x00000000c0000000,0x00000000c2aa2ba8,0x00000000c7c80000)
 Metaspace       used 63640K, capacity 66638K, committed 66944K, reserved 1107968K
  class space    used 8090K, capacity 8542K, committed 8576K, reserved 1048576K
}
Event: 1632.165 GC heap before
{Heap before GC invocations=30 (full 8):
 PSYoungGen      total 303104K, used 296448K [0x00000000eab00000, 0x00000000ffa80000, 0x0000000100000000)
  eden space 296448K, 100% used [0x00000000eab00000,0x00000000fcc80000,0x00000000fcc80000)
  from space 6656K, 0% used [0x00000000fcc80000,0x00000000fcc80000,0x00000000fd300000)
  to   space 23552K, 0% used [0x00000000fe380000,0x00000000fe380000,0x00000000ffa80000)
 ParOldGen       total 127488K, used 43658K [0x00000000c0000000, 0x00000000c7c80000, 0x00000000eab00000)
  object space 127488K, 34% used [0x00000000c0000000,0x00000000c2aa2ba8,0x00000000c7c80000)
 Metaspace       used 64057K, capacity 67260K, committed 67584K, reserved 1107968K
  class space    used 8131K, capacity 8583K, committed 8704K, reserved 1048576K
Event: 1632.175 GC heap after
Heap after GC invocations=30 (full 8):
 PSYoungGen      total 321024K, used 4935K [0x00000000eab00000, 0x0000000100000000, 0x0000000100000000)
  eden space 297472K, 0% used [0x00000000eab00000,0x00000000eab00000,0x00000000fcd80000)
  from space 23552K, 20% used [0x00000000fe380000,0x00000000fe851e30,0x00000000ffa80000)
  to   space 22528K, 0% used [0x00000000fcd80000,0x00000000fcd80000,0x00000000fe380000)
 ParOldGen       total 127488K, used 43666K [0x00000000c0000000, 0x00000000c7c80000, 0x00000000eab00000)
  object space 127488K, 34% used [0x00000000c0000000,0x00000000c2aa4ba8,0x00000000c7c80000)
 Metaspace       used 64057K, capacity 67260K, committed 67584K, reserved 1107968K
  class space    used 8131K, capacity 8583K, committed 8704K, reserved 1048576K
}

