# JRE version: Java(TM) SE Runtime Environment (8.0_31-b13) (build 1.8.0_31-b13)
# Java VM: Java HotSpot(TM) 64-Bit Server VM (25.31-b07 mixed mode windows-amd64 compressed oops)
Heap:
 PSYoungGen      total 237568K, used 72135K [0x00000000eab00000, 0x00000000faa80000, 0x0000000100000000)
  eden space 215552K, 33% used [0x00000000eab00000,0x00000000ef171c98,0x00000000f7d80000)
  from space 22016K, 0% used [0x00000000f9500000,0x00000000f9500000,0x00000000faa80000)
  to   space 23040K, 0% used [0x00000000f7d80000,0x00000000f7d80000,0x00000000f9400000)
 ParOldGen       total 164352K, used 46354K [0x00000000c0000000, 0x00000000ca080000, 0x00000000eab00000)
  object space 164352K, 28% used [0x00000000c0000000,0x00000000c2d449d0,0x00000000ca080000)
 Metaspace       used 62115K, capacity 64884K, committed 65176K, reserved 1105920K
  class space    used 7838K, capacity 8249K, committed 8360K, reserved 1048576K
GC Heap History (10 events):
Event: 588.680 GC heap before
{Heap before GC invocations=29 (full 6):
 PSYoungGen      total 239104K, used 211968K [0x00000000eab00000, 0x00000000fb000000, 0x0000000100000000)
  eden space 211968K, 100% used [0x00000000eab00000,0x00000000f7a00000,0x00000000f7a00000)
  from space 27136K, 0% used [0x00000000f9580000,0x00000000f9580000,0x00000000fb000000)
  to   space 27648K, 0% used [0x00000000f7a00000,0x00000000f7a00000,0x00000000f9500000)
 ParOldGen       total 164352K, used 45790K [0x00000000c0000000, 0x00000000ca080000, 0x00000000eab00000)
  object space 164352K, 27% used [0x00000000c0000000,0x00000000c2cb7800,0x00000000ca080000)
 Metaspace       used 60937K, capacity 63386K, committed 63512K, reserved 1103872K
  class space    used 7774K, capacity 8168K, committed 8232K, reserved 1048576K
Event: 588.692 GC heap after
Heap after GC invocations=29 (full 6):
 PSYoungGen      total 239616K, used 7255K [0x00000000eab00000, 0x00000000fba80000, 0x0000000100000000)
  eden space 211968K, 0% used [0x00000000eab00000,0x00000000eab00000,0x00000000f7a00000)
  from space 27648K, 26% used [0x00000000f7a00000,0x00000000f8115e20,0x00000000f9500000)
  to   space 26112K, 0% used [0x00000000fa100000,0x00000000fa100000,0x00000000fba80000)
 ParOldGen       total 164352K, used 45798K [0x00000000c0000000, 0x00000000ca080000, 0x00000000eab00000)
  object space 164352K, 27% used [0x00000000c0000000,0x00000000c2cb9800,0x00000000ca080000)
 Metaspace       used 60937K, capacity 63386K, committed 63512K, reserved 1103872K
  class space    used 7774K, capacity 8168K, committed 8232K, reserved 1048576K
}
Event: 647.084 GC heap before
{Heap before GC invocations=30 (full 6):
 PSYoungGen      total 239616K, used 219223K [0x00000000eab00000, 0x00000000fba80000, 0x0000000100000000)
  eden space 211968K, 100% used [0x00000000eab00000,0x00000000f7a00000,0x00000000f7a00000)
  from space 27648K, 26% used [0x00000000f7a00000,0x00000000f8115e20,0x00000000f9500000)
  to   space 26112K, 0% used [0x00000000fa100000,0x00000000fa100000,0x00000000fba80000)
 ParOldGen       total 164352K, used 45798K [0x00000000c0000000, 0x00000000ca080000, 0x00000000eab00000)
  object space 164352K, 27% used [0x00000000c0000000,0x00000000c2cb9800,0x00000000ca080000)
 Metaspace       used 61324K, capacity 63946K, committed 64024K, reserved 1105920K
  class space    used 7798K, capacity 8194K, committed 8232K, reserved 1048576K
Event: 647.095 GC heap after
Heap after GC invocations=30 (full 6):
 PSYoungGen      total 243712K, used 7663K [0x00000000eab00000, 0x00000000fb580000, 0x0000000100000000)
  eden space 222720K, 0% used [0x00000000eab00000,0x00000000eab00000,0x00000000f8480000)
  from space 20992K, 36% used [0x00000000fa100000,0x00000000fa87bc40,0x00000000fb580000)
  to   space 25088K, 0% used [0x00000000f8480000,0x00000000f8480000,0x00000000f9d00000)
 ParOldGen       total 164352K, used 45806K [0x00000000c0000000, 0x00000000ca080000, 0x00000000eab00000)
  object space 164352K, 27% used [0x00000000c0000000,0x00000000c2cbb800,0x00000000ca080000)
 Metaspace       used 61324K, capacity 63946K, committed 64024K, reserved 1105920K
  class space    used 7798K, capacity 8194K, committed 8232K, reserved 1048576K
}
Event: 872.388 GC heap before
{Heap before GC invocations=31 (full 6):
 PSYoungGen      total 243712K, used 230383K [0x00000000eab00000, 0x00000000fb580000, 0x0000000100000000)
  eden space 222720K, 100% used [0x00000000eab00000,0x00000000f8480000,0x00000000f8480000)
  from space 20992K, 36% used [0x00000000fa100000,0x00000000fa87bc40,0x00000000fb580000)
  to   space 25088K, 0% used [0x00000000f8480000,0x00000000f8480000,0x00000000f9d00000)
 ParOldGen       total 164352K, used 45806K [0x00000000c0000000, 0x00000000ca080000, 0x00000000eab00000)
  object space 164352K, 27% used [0x00000000c0000000,0x00000000c2cbb800,0x00000000ca080000)
 Metaspace       used 61786K, capacity 64644K, committed 64920K, reserved 1105920K
  class space    used 7842K, capacity 8255K, committed 8360K, reserved 1048576K
Event: 872.401 GC heap after
Heap after GC invocations=31 (full 6):
 PSYoungGen      total 223744K, used 7999K [0x00000000eab00000, 0x00000000fac80000, 0x0000000100000000)
  eden space 215552K, 0% used [0x00000000eab00000,0x00000000eab00000,0x00000000f7d80000)
  from space 8192K, 97% used [0x00000000f8480000,0x00000000f8c4fc70,0x00000000f8c80000)
  to   space 24064K, 0% used [0x00000000f9500000,0x00000000f9500000,0x00000000fac80000)
 ParOldGen       total 164352K, used 45814K [0x00000000c0000000, 0x00000000ca080000, 0x00000000eab00000)
  object space 164352K, 27% used [0x00000000c0000000,0x00000000c2cbd800,0x00000000ca080000)
 Metaspace       used 61786K, capacity 64644K, committed 64920K, reserved 1105920K
  class space    used 7842K, capacity 8255K, committed 8360K, reserved 1048576K
}
Event: 877.723 GC heap before
{Heap before GC invocations=32 (full 6):
 PSYoungGen      total 223744K, used 45906K [0x00000000eab00000, 0x00000000fac80000, 0x0000000100000000)
  eden space 215552K, 17% used [0x00000000eab00000,0x00000000ed004c68,0x00000000f7d80000)
  from space 8192K, 97% used [0x00000000f8480000,0x00000000f8c4fc70,0x00000000f8c80000)
  to   space 24064K, 0% used [0x00000000f9500000,0x00000000f9500000,0x00000000fac80000)
 ParOldGen       total 164352K, used 45814K [0x00000000c0000000, 0x00000000ca080000, 0x00000000eab00000)
  object space 164352K, 27% used [0x00000000c0000000,0x00000000c2cbd800,0x00000000ca080000)
 Metaspace       used 62002K, capacity 64838K, committed 65176K, reserved 1105920K
  class space    used 7846K, capacity 8256K, committed 8360K, reserved 1048576K
Event: 877.731 GC heap after
Heap after GC invocations=32 (full 6):
 PSYoungGen      total 237568K, used 5680K [0x00000000eab00000, 0x00000000faa80000, 0x0000000100000000)
  eden space 215552K, 0% used [0x00000000eab00000,0x00000000eab00000,0x00000000f7d80000)
  from space 22016K, 25% used [0x00000000f9500000,0x00000000f9a8c050,0x00000000faa80000)
  to   space 23040K, 0% used [0x00000000f7d80000,0x00000000f7d80000,0x00000000f9400000)
 ParOldGen       total 164352K, used 45822K [0x00000000c0000000, 0x00000000ca080000, 0x00000000eab00000)
  object space 164352K, 27% used [0x00000000c0000000,0x00000000c2cbf800,0x00000000ca080000)
 Metaspace       used 62002K, capacity 64838K, committed 65176K, reserved 1105920K
  class space    used 7846K, capacity 8256K, committed 8360K, reserved 1048576K
}
Event: 877.731 GC heap before
{Heap before GC invocations=33 (full 7):
 PSYoungGen      total 237568K, used 5680K [0x00000000eab00000, 0x00000000faa80000, 0x0000000100000000)
  eden space 215552K, 0% used [0x00000000eab00000,0x00000000eab00000,0x00000000f7d80000)
  from space 22016K, 25% used [0x00000000f9500000,0x00000000f9a8c050,0x00000000faa80000)
  to   space 23040K, 0% used [0x00000000f7d80000,0x00000000f7d80000,0x00000000f9400000)
 ParOldGen       total 164352K, used 45822K [0x00000000c0000000, 0x00000000ca080000, 0x00000000eab00000)
  object space 164352K, 27% used [0x00000000c0000000,0x00000000c2cbf800,0x00000000ca080000)
 Metaspace       used 62002K, capacity 64838K, committed 65176K, reserved 1105920K
  class space    used 7846K, capacity 8256K, committed 8360K, reserved 1048576K
Event: 878.160 GC heap after
Heap after GC invocations=33 (full 7):
 PSYoungGen      total 237568K, used 0K [0x00000000eab00000, 0x00000000faa80000, 0x0000000100000000)
  eden space 215552K, 0% used [0x00000000eab00000,0x00000000eab00000,0x00000000f7d80000)
  from space 22016K, 0% used [0x00000000f9500000,0x00000000f9500000,0x00000000faa80000)
  to   space 23040K, 0% used [0x00000000f7d80000,0x00000000f7d80000,0x00000000f9400000)
 ParOldGen       total 164352K, used 46354K [0x00000000c0000000, 0x00000000ca080000, 0x00000000eab00000)
  object space 164352K, 28% used [0x00000000c0000000,0x00000000c2d449d0,0x00000000ca080000)
 Metaspace       used 61923K, capacity 64574K, committed 65176K, reserved 1105920K
  class space    used 7822K, capacity 8232K, committed 8360K, reserved 1048576K
}

