# JRE version: Java(TM) SE Runtime Environment (8.0_31-b13) (build 1.8.0_31-b13)
# Java VM: Java HotSpot(TM) 64-Bit Server VM (25.31-b07 mixed mode windows-amd64 compressed oops)
Heap:
 PSYoungGen      total 291328K, used 98042K [0x00000000eab00000, 0x00000000fe900000, 0x0000000100000000)
  eden space 259072K, 37% used [0x00000000eab00000,0x00000000f0abeb38,0x00000000fa800000)
  from space 32256K, 0% used [0x00000000fc980000,0x00000000fc980000,0x00000000fe900000)
  to   space 33280K, 0% used [0x00000000fa800000,0x00000000fa800000,0x00000000fc880000)
 ParOldGen       total 208896K, used 68462K [0x00000000c0000000, 0x00000000ccc00000, 0x00000000eab00000)
  object space 208896K, 32% used [0x00000000c0000000,0x00000000c42dba68,0x00000000ccc00000)
 Metaspace       used 83814K, capacity 88682K, committed 92456K, reserved 1128448K
  class space    used 10847K, capacity 11483K, committed 12584K, reserved 1048576K
GC Heap History (10 events):
Event: 3417.025 GC heap before
{Heap before GC invocations=49 (full 9):
 PSYoungGen      total 261120K, used 259822K [0x00000000eab00000, 0x00000000fe280000, 0x0000000100000000)
  eden space 247296K, 99% used [0x00000000eab00000,0x00000000f9b86028,0x00000000f9c80000)
  from space 13824K, 97% used [0x00000000fa500000,0x00000000fb2359a8,0x00000000fb280000)
  to   space 35840K, 0% used [0x00000000fbf80000,0x00000000fbf80000,0x00000000fe280000)
 ParOldGen       total 208896K, used 74028K [0x00000000c0000000, 0x00000000ccc00000, 0x00000000eab00000)
  object space 208896K, 35% used [0x00000000c0000000,0x00000000c484b078,0x00000000ccc00000)
 Metaspace       used 85303K, capacity 90682K, committed 92200K, reserved 1128448K
  class space    used 11198K, capacity 12039K, committed 12584K, reserved 1048576K
Event: 3417.047 GC heap after
Heap after GC invocations=49 (full 9):
 PSYoungGen      total 283648K, used 18181K [0x00000000eab00000, 0x00000000fed00000, 0x0000000100000000)
  eden space 247808K, 0% used [0x00000000eab00000,0x00000000eab00000,0x00000000f9d00000)
  from space 35840K, 50% used [0x00000000fbf80000,0x00000000fd1416d0,0x00000000fe280000)
  to   space 35328K, 0% used [0x00000000f9d00000,0x00000000f9d00000,0x00000000fbf80000)
 ParOldGen       total 208896K, used 74036K [0x00000000c0000000, 0x00000000ccc00000, 0x00000000eab00000)
  object space 208896K, 35% used [0x00000000c0000000,0x00000000c484d078,0x00000000ccc00000)
 Metaspace       used 85303K, capacity 90682K, committed 92200K, reserved 1128448K
  class space    used 11198K, capacity 12039K, committed 12584K, reserved 1048576K
}
Event: 3417.395 GC heap before
{Heap before GC invocations=50 (full 9):
 PSYoungGen      total 283648K, used 230191K [0x00000000eab00000, 0x00000000fed00000, 0x0000000100000000)
  eden space 247808K, 85% used [0x00000000eab00000,0x00000000f7a0a5a0,0x00000000f9d00000)
  from space 35840K, 50% used [0x00000000fbf80000,0x00000000fd1416d0,0x00000000fe280000)
  to   space 35328K, 0% used [0x00000000f9d00000,0x00000000f9d00000,0x00000000fbf80000)
 ParOldGen       total 208896K, used 74036K [0x00000000c0000000, 0x00000000ccc00000, 0x00000000eab00000)
  object space 208896K, 35% used [0x00000000c0000000,0x00000000c484d078,0x00000000ccc00000)
 Metaspace       used 85327K, capacity 90714K, committed 92200K, reserved 1128448K
  class space    used 11202K, capacity 12045K, committed 12584K, reserved 1048576K
Event: 3417.405 GC heap after
Heap after GC invocations=50 (full 9):
 PSYoungGen      total 283136K, used 9504K [0x00000000eab00000, 0x00000000feb00000, 0x0000000100000000)
  eden space 247808K, 0% used [0x00000000eab00000,0x00000000eab00000,0x00000000f9d00000)
  from space 35328K, 26% used [0x00000000f9d00000,0x00000000fa648040,0x00000000fbf80000)
  to   space 34304K, 0% used [0x00000000fc980000,0x00000000fc980000,0x00000000feb00000)
 ParOldGen       total 208896K, used 74044K [0x00000000c0000000, 0x00000000ccc00000, 0x00000000eab00000)
  object space 208896K, 35% used [0x00000000c0000000,0x00000000c484f078,0x00000000ccc00000)
 Metaspace       used 85327K, capacity 90714K, committed 92200K, reserved 1128448K
  class space    used 11202K, capacity 12045K, committed 12584K, reserved 1048576K
}
Event: 3417.405 GC heap before
{Heap before GC invocations=51 (full 10):
 PSYoungGen      total 283136K, used 9504K [0x00000000eab00000, 0x00000000feb00000, 0x0000000100000000)
  eden space 247808K, 0% used [0x00000000eab00000,0x00000000eab00000,0x00000000f9d00000)
  from space 35328K, 26% used [0x00000000f9d00000,0x00000000fa648040,0x00000000fbf80000)
  to   space 34304K, 0% used [0x00000000fc980000,0x00000000fc980000,0x00000000feb00000)
 ParOldGen       total 208896K, used 74044K [0x00000000c0000000, 0x00000000ccc00000, 0x00000000eab00000)
  object space 208896K, 35% used [0x00000000c0000000,0x00000000c484f078,0x00000000ccc00000)
 Metaspace       used 85327K, capacity 90714K, committed 92200K, reserved 1128448K
  class space    used 11202K, capacity 12045K, committed 12584K, reserved 1048576K
Event: 3418.413 GC heap after
Heap after GC invocations=51 (full 10):
 PSYoungGen      total 283136K, used 0K [0x00000000eab00000, 0x00000000feb00000, 0x0000000100000000)
  eden space 247808K, 0% used [0x00000000eab00000,0x00000000eab00000,0x00000000f9d00000)
  from space 35328K, 0% used [0x00000000f9d00000,0x00000000f9d00000,0x00000000fbf80000)
  to   space 34304K, 0% used [0x00000000fc980000,0x00000000fc980000,0x00000000feb00000)
 ParOldGen       total 208896K, used 80506K [0x00000000c0000000, 0x00000000ccc00000, 0x00000000eab00000)
  object space 208896K, 38% used [0x00000000c0000000,0x00000000c4e9e9a8,0x00000000ccc00000)
 Metaspace       used 85274K, capacity 90538K, committed 92200K, reserved 1128448K
  class space    used 11186K, capacity 12029K, committed 12584K, reserved 1048576K
}
Event: 4212.230 GC heap before
{Heap before GC invocations=52 (full 10):
 PSYoungGen      total 283136K, used 226466K [0x00000000eab00000, 0x00000000feb00000, 0x0000000100000000)
  eden space 247808K, 91% used [0x00000000eab00000,0x00000000f8828bf0,0x00000000f9d00000)
  from space 35328K, 0% used [0x00000000f9d00000,0x00000000f9d00000,0x00000000fbf80000)
  to   space 34304K, 0% used [0x00000000fc980000,0x00000000fc980000,0x00000000feb00000)
 ParOldGen       total 208896K, used 80506K [0x00000000c0000000, 0x00000000ccc00000, 0x00000000eab00000)
  object space 208896K, 38% used [0x00000000c0000000,0x00000000c4e9e9a8,0x00000000ccc00000)
 Metaspace       used 85771K, capacity 91522K, committed 92456K, reserved 1128448K
  class space    used 11267K, capacity 12147K, committed 12584K, reserved 1048576K
Event: 4212.241 GC heap after
Heap after GC invocations=52 (full 10):
 PSYoungGen      total 291328K, used 6445K [0x00000000eab00000, 0x00000000fe900000, 0x0000000100000000)
  eden space 259072K, 0% used [0x00000000eab00000,0x00000000eab00000,0x00000000fa800000)
  from space 32256K, 19% used [0x00000000fc980000,0x00000000fcfcb618,0x00000000fe900000)
  to   space 33280K, 0% used [0x00000000fa800000,0x00000000fa800000,0x00000000fc880000)
 ParOldGen       total 208896K, used 80514K [0x00000000c0000000, 0x00000000ccc00000, 0x00000000eab00000)
  object space 208896K, 38% used [0x00000000c0000000,0x00000000c4ea09a8,0x00000000ccc00000)
 Metaspace       used 85771K, capacity 91522K, committed 92456K, reserved 1128448K
  class space    used 11267K, capacity 12147K, committed 12584K, reserved 1048576K
}
Event: 4212.241 GC heap before
{Heap before GC invocations=53 (full 11):
 PSYoungGen      total 291328K, used 6445K [0x00000000eab00000, 0x00000000fe900000, 0x0000000100000000)
  eden space 259072K, 0% used [0x00000000eab00000,0x00000000eab00000,0x00000000fa800000)
  from space 32256K, 19% used [0x00000000fc980000,0x00000000fcfcb618,0x00000000fe900000)
  to   space 33280K, 0% used [0x00000000fa800000,0x00000000fa800000,0x00000000fc880000)
 ParOldGen       total 208896K, used 80514K [0x00000000c0000000, 0x00000000ccc00000, 0x00000000eab00000)
  object space 208896K, 38% used [0x00000000c0000000,0x00000000c4ea09a8,0x00000000ccc00000)
 Metaspace       used 85771K, capacity 91522K, committed 92456K, reserved 1128448K
  class space    used 11267K, capacity 12147K, committed 12584K, reserved 1048576K
Event: 4212.937 GC heap after
Heap after GC invocations=53 (full 11):
 PSYoungGen      total 291328K, used 0K [0x00000000eab00000, 0x00000000fe900000, 0x0000000100000000)
  eden space 259072K, 0% used [0x00000000eab00000,0x00000000eab00000,0x00000000fa800000)
  from space 32256K, 0% used [0x00000000fc980000,0x00000000fc980000,0x00000000fe900000)
  to   space 33280K, 0% used [0x00000000fa800000,0x00000000fa800000,0x00000000fc880000)
 ParOldGen       total 208896K, used 68462K [0x00000000c0000000, 0x00000000ccc00000, 0x00000000eab00000)
  object space 208896K, 32% used [0x00000000c0000000,0x00000000c42dba68,0x00000000ccc00000)
 Metaspace       used 83671K, capacity 88410K, committed 92456K, reserved 1128448K
  class space    used 10822K, capacity 11451K, committed 12584K, reserved 1048576K
}

