# JRE version: Java(TM) SE Runtime Environment (8.0_31-b13) (build 1.8.0_31-b13)
# Java VM: Java HotSpot(TM) 64-Bit Server VM (25.31-b07 mixed mode windows-amd64 compressed oops)
Heap:
 PSYoungGen      total 213504K, used 187573K [0x00000000eab00000, 0x00000000fa480000, 0x0000000100000000)
  eden space 207360K, 90% used [0x00000000eab00000,0x00000000f622d6d0,0x00000000f7580000)
  from space 6144K, 0% used [0x00000000f7580000,0x00000000f7580000,0x00000000f7b80000)
  to   space 24064K, 0% used [0x00000000f8d00000,0x00000000f8d00000,0x00000000fa480000)
 ParOldGen       total 102912K, used 42560K [0x00000000c0000000, 0x00000000c6480000, 0x00000000eab00000)
  object space 102912K, 41% used [0x00000000c0000000,0x00000000c29901f0,0x00000000c6480000)
 Metaspace       used 63777K, capacity 66862K, committed 67072K, reserved 1107968K
  class space    used 8048K, capacity 8446K, committed 8448K, reserved 1048576K
GC Heap History (10 events):
Event: 1718.622 GC heap before
{Heap before GC invocations=30 (full 7):
 PSYoungGen      total 223744K, used 45465K [0x00000000eab00000, 0x00000000fb500000, 0x0000000100000000)
  eden space 215040K, 17% used [0x00000000eab00000,0x00000000ecf1a808,0x00000000f7d00000)
  from space 8704K, 97% used [0x00000000fac80000,0x00000000fb4cbc80,0x00000000fb500000)
  to   space 26624K, 0% used [0x00000000f8100000,0x00000000f8100000,0x00000000f9b00000)
 ParOldGen       total 102912K, used 42923K [0x00000000c0000000, 0x00000000c6480000, 0x00000000eab00000)
  object space 102912K, 41% used [0x00000000c0000000,0x00000000c29ead60,0x00000000c6480000)
 Metaspace       used 63390K, capacity 66382K, committed 66560K, reserved 1107968K
  class space    used 8036K, capacity 8438K, committed 8448K, reserved 1048576K
Event: 1718.630 GC heap after
Heap after GC invocations=30 (full 7):
 PSYoungGen      total 220672K, used 5328K [0x00000000eab00000, 0x00000000fb000000, 0x0000000100000000)
  eden space 215040K, 0% used [0x00000000eab00000,0x00000000eab00000,0x00000000f7d00000)
  from space 5632K, 94% used [0x00000000f8100000,0x00000000f8634030,0x00000000f8680000)
  to   space 26112K, 0% used [0x00000000f9680000,0x00000000f9680000,0x00000000fb000000)
 ParOldGen       total 102912K, used 42931K [0x00000000c0000000, 0x00000000c6480000, 0x00000000eab00000)
  object space 102912K, 41% used [0x00000000c0000000,0x00000000c29ecd60,0x00000000c6480000)
 Metaspace       used 63390K, capacity 66382K, committed 66560K, reserved 1107968K
  class space    used 8036K, capacity 8438K, committed 8448K, reserved 1048576K
}
Event: 1718.630 GC heap before
{Heap before GC invocations=31 (full 8):
 PSYoungGen      total 220672K, used 5328K [0x00000000eab00000, 0x00000000fb000000, 0x0000000100000000)
  eden space 215040K, 0% used [0x00000000eab00000,0x00000000eab00000,0x00000000f7d00000)
  from space 5632K, 94% used [0x00000000f8100000,0x00000000f8634030,0x00000000f8680000)
  to   space 26112K, 0% used [0x00000000f9680000,0x00000000f9680000,0x00000000fb000000)
 ParOldGen       total 102912K, used 42931K [0x00000000c0000000, 0x00000000c6480000, 0x00000000eab00000)
  object space 102912K, 41% used [0x00000000c0000000,0x00000000c29ecd60,0x00000000c6480000)
 Metaspace       used 63390K, capacity 66382K, committed 66560K, reserved 1107968K
  class space    used 8036K, capacity 8438K, committed 8448K, reserved 1048576K
Event: 1719.012 GC heap after
Heap after GC invocations=31 (full 8):
 PSYoungGen      total 220672K, used 0K [0x00000000eab00000, 0x00000000fb000000, 0x0000000100000000)
  eden space 215040K, 0% used [0x00000000eab00000,0x00000000eab00000,0x00000000f7d00000)
  from space 5632K, 0% used [0x00000000f8100000,0x00000000f8100000,0x00000000f8680000)
  to   space 26112K, 0% used [0x00000000f9680000,0x00000000f9680000,0x00000000fb000000)
 ParOldGen       total 102912K, used 42098K [0x00000000c0000000, 0x00000000c6480000, 0x00000000eab00000)
  object space 102912K, 40% used [0x00000000c0000000,0x00000000c291cb40,0x00000000c6480000)
 Metaspace       used 63330K, capacity 66194K, committed 66560K, reserved 1107968K
  class space    used 8019K, capacity 8420K, committed 8448K, reserved 1048576K
}
Event: 2227.843 GC heap before
{Heap before GC invocations=32 (full 8):
 PSYoungGen      total 220672K, used 215040K [0x00000000eab00000, 0x00000000fb000000, 0x0000000100000000)
  eden space 215040K, 100% used [0x00000000eab00000,0x00000000f7d00000,0x00000000f7d00000)
  from space 5632K, 0% used [0x00000000f8100000,0x00000000f8100000,0x00000000f8680000)
  to   space 26112K, 0% used [0x00000000f9680000,0x00000000f9680000,0x00000000fb000000)
 ParOldGen       total 102912K, used 42098K [0x00000000c0000000, 0x00000000c6480000, 0x00000000eab00000)
  object space 102912K, 40% used [0x00000000c0000000,0x00000000c291cb40,0x00000000c6480000)
 Metaspace       used 63488K, capacity 66440K, committed 66560K, reserved 1107968K
  class space    used 8036K, capacity 8437K, committed 8448K, reserved 1048576K
Event: 2227.860 GC heap after
Heap after GC invocations=32 (full 8):
 PSYoungGen      total 223744K, used 7136K [0x00000000eab00000, 0x00000000fa680000, 0x0000000100000000)
  eden space 207360K, 0% used [0x00000000eab00000,0x00000000eab00000,0x00000000f7580000)
  from space 16384K, 43% used [0x00000000f9680000,0x00000000f9d78020,0x00000000fa680000)
  to   space 25088K, 0% used [0x00000000f7580000,0x00000000f7580000,0x00000000f8e00000)
 ParOldGen       total 102912K, used 42106K [0x00000000c0000000, 0x00000000c6480000, 0x00000000eab00000)
  object space 102912K, 40% used [0x00000000c0000000,0x00000000c291eb40,0x00000000c6480000)
 Metaspace       used 63488K, capacity 66440K, committed 66560K, reserved 1107968K
  class space    used 8036K, capacity 8437K, committed 8448K, reserved 1048576K
}
Event: 2237.119 GC heap before
{Heap before GC invocations=33 (full 8):
 PSYoungGen      total 223744K, used 183776K [0x00000000eab00000, 0x00000000fa680000, 0x0000000100000000)
  eden space 207360K, 85% used [0x00000000eab00000,0x00000000f57800d0,0x00000000f7580000)
  from space 16384K, 43% used [0x00000000f9680000,0x00000000f9d78020,0x00000000fa680000)
  to   space 25088K, 0% used [0x00000000f7580000,0x00000000f7580000,0x00000000f8e00000)
 ParOldGen       total 102912K, used 42106K [0x00000000c0000000, 0x00000000c6480000, 0x00000000eab00000)
  object space 102912K, 40% used [0x00000000c0000000,0x00000000c291eb40,0x00000000c6480000)
 Metaspace       used 63690K, capacity 66640K, committed 66816K, reserved 1107968K
  class space    used 8039K, capacity 8437K, committed 8448K, reserved 1048576K
Event: 2237.128 GC heap after
Heap after GC invocations=33 (full 8):
 PSYoungGen      total 213504K, used 5823K [0x00000000eab00000, 0x00000000fa480000, 0x0000000100000000)
  eden space 207360K, 0% used [0x00000000eab00000,0x00000000eab00000,0x00000000f7580000)
  from space 6144K, 94% used [0x00000000f7580000,0x00000000f7b2fc70,0x00000000f7b80000)
  to   space 24064K, 0% used [0x00000000f8d00000,0x00000000f8d00000,0x00000000fa480000)
 ParOldGen       total 102912K, used 42114K [0x00000000c0000000, 0x00000000c6480000, 0x00000000eab00000)
  object space 102912K, 40% used [0x00000000c0000000,0x00000000c2920b40,0x00000000c6480000)
 Metaspace       used 63690K, capacity 66640K, committed 66816K, reserved 1107968K
  class space    used 8039K, capacity 8437K, committed 8448K, reserved 1048576K
}
Event: 2237.128 GC heap before
{Heap before GC invocations=34 (full 9):
 PSYoungGen      total 213504K, used 5823K [0x00000000eab00000, 0x00000000fa480000, 0x0000000100000000)
  eden space 207360K, 0% used [0x00000000eab00000,0x00000000eab00000,0x00000000f7580000)
  from space 6144K, 94% used [0x00000000f7580000,0x00000000f7b2fc70,0x00000000f7b80000)
  to   space 24064K, 0% used [0x00000000f8d00000,0x00000000f8d00000,0x00000000fa480000)
 ParOldGen       total 102912K, used 42114K [0x00000000c0000000, 0x00000000c6480000, 0x00000000eab00000)
  object space 102912K, 40% used [0x00000000c0000000,0x00000000c2920b40,0x00000000c6480000)
 Metaspace       used 63690K, capacity 66640K, committed 66816K, reserved 1107968K
  class space    used 8039K, capacity 8437K, committed 8448K, reserved 1048576K
Event: 2237.490 GC heap after
Heap after GC invocations=34 (full 9):
 PSYoungGen      total 213504K, used 0K [0x00000000eab00000, 0x00000000fa480000, 0x0000000100000000)
  eden space 207360K, 0% used [0x00000000eab00000,0x00000000eab00000,0x00000000f7580000)
  from space 6144K, 0% used [0x00000000f7580000,0x00000000f7580000,0x00000000f7b80000)
  to   space 24064K, 0% used [0x00000000f8d00000,0x00000000f8d00000,0x00000000fa480000)
 ParOldGen       total 102912K, used 42560K [0x00000000c0000000, 0x00000000c6480000, 0x00000000eab00000)
  object space 102912K, 41% used [0x00000000c0000000,0x00000000c29901f0,0x00000000c6480000)
 Metaspace       used 63690K, capacity 66640K, committed 66816K, reserved 1107968K
  class space    used 8039K, capacity 8437K, committed 8448K, reserved 1048576K
}

