# JRE version: Java(TM) SE Runtime Environment (8.0_31-b13) (build 1.8.0_31-b13)
# Java VM: Java HotSpot(TM) 64-Bit Server VM (25.31-b07 mixed mode windows-amd64 compressed oops)
Heap:
 PSYoungGen      total 210944K, used 20804K [0x00000000eab00000, 0x00000000f9500000, 0x0000000100000000)
  eden space 187392K, 5% used [0x00000000eab00000,0x00000000eb4833b0,0x00000000f6200000)
  from space 23552K, 46% used [0x00000000f6200000,0x00000000f6ccde00,0x00000000f7900000)
  to   space 22528K, 0% used [0x00000000f7f00000,0x00000000f7f00000,0x00000000f9500000)
 ParOldGen       total 111616K, used 45710K [0x00000000c0000000, 0x00000000c6d00000, 0x00000000eab00000)
  object space 111616K, 40% used [0x00000000c0000000,0x00000000c2ca3ad8,0x00000000c6d00000)
 Metaspace       used 63737K, capacity 66230K, committed 66432K, reserved 1107968K
  class space    used 8121K, capacity 8542K, committed 8576K, reserved 1048576K
GC Heap History (10 events):
Event: 149.779 GC heap before
{Heap before GC invocations=19 (full 4):
 PSYoungGen      total 196096K, used 11448K [0x00000000eab00000, 0x00000000f8080000, 0x0000000100000000)
  eden space 174080K, 0% used [0x00000000eab00000,0x00000000eab00000,0x00000000f5500000)
  from space 22016K, 52% used [0x00000000f5500000,0x00000000f602e338,0x00000000f6a80000)
  to   space 20992K, 0% used [0x00000000f6c00000,0x00000000f6c00000,0x00000000f8080000)
 ParOldGen       total 111616K, used 41486K [0x00000000c0000000, 0x00000000c6d00000, 0x00000000eab00000)
  object space 111616K, 37% used [0x00000000c0000000,0x00000000c28838d8,0x00000000c6d00000)
 Metaspace       used 59717K, capacity 61656K, committed 61824K, reserved 1103872K
  class space    used 7695K, capacity 8007K, committed 8064K, reserved 1048576K
Event: 150.135 GC heap after
Heap after GC invocations=19 (full 4):
 PSYoungGen      total 196096K, used 0K [0x00000000eab00000, 0x00000000f8080000, 0x0000000100000000)
  eden space 174080K, 0% used [0x00000000eab00000,0x00000000eab00000,0x00000000f5500000)
  from space 22016K, 0% used [0x00000000f5500000,0x00000000f5500000,0x00000000f6a80000)
  to   space 20992K, 0% used [0x00000000f6c00000,0x00000000f6c00000,0x00000000f8080000)
 ParOldGen       total 111616K, used 45686K [0x00000000c0000000, 0x00000000c6d00000, 0x00000000eab00000)
  object space 111616K, 40% used [0x00000000c0000000,0x00000000c2c9dad8,0x00000000c6d00000)
 Metaspace       used 59690K, capacity 61568K, committed 61824K, reserved 1103872K
  class space    used 7687K, capacity 7999K, committed 8064K, reserved 1048576K
}
Event: 226.416 GC heap before
{Heap before GC invocations=20 (full 4):
 PSYoungGen      total 196096K, used 174080K [0x00000000eab00000, 0x00000000f8080000, 0x0000000100000000)
  eden space 174080K, 100% used [0x00000000eab00000,0x00000000f5500000,0x00000000f5500000)
  from space 22016K, 0% used [0x00000000f5500000,0x00000000f5500000,0x00000000f6a80000)
  to   space 20992K, 0% used [0x00000000f6c00000,0x00000000f6c00000,0x00000000f8080000)
 ParOldGen       total 111616K, used 45686K [0x00000000c0000000, 0x00000000c6d00000, 0x00000000eab00000)
  object space 111616K, 40% used [0x00000000c0000000,0x00000000c2c9dad8,0x00000000c6d00000)
 Metaspace       used 60235K, capacity 62490K, committed 62720K, reserved 1103872K
  class space    used 7766K, capacity 8118K, committed 8192K, reserved 1048576K
Event: 226.435 GC heap after
Heap after GC invocations=20 (full 4):
 PSYoungGen      total 197632K, used 6688K [0x00000000eab00000, 0x00000000f8c80000, 0x0000000100000000)
  eden space 176640K, 0% used [0x00000000eab00000,0x00000000eab00000,0x00000000f5780000)
  from space 20992K, 31% used [0x00000000f6c00000,0x00000000f7288000,0x00000000f8080000)
  to   space 20992K, 0% used [0x00000000f5780000,0x00000000f5780000,0x00000000f6c00000)
 ParOldGen       total 111616K, used 45694K [0x00000000c0000000, 0x00000000c6d00000, 0x00000000eab00000)
  object space 111616K, 40% used [0x00000000c0000000,0x00000000c2c9fad8,0x00000000c6d00000)
 Metaspace       used 60235K, capacity 62490K, committed 62720K, reserved 1103872K
  class space    used 7766K, capacity 8118K, committed 8192K, reserved 1048576K
}
Event: 235.887 GC heap before
{Heap before GC invocations=21 (full 4):
 PSYoungGen      total 197632K, used 183328K [0x00000000eab00000, 0x00000000f8c80000, 0x0000000100000000)
  eden space 176640K, 100% used [0x00000000eab00000,0x00000000f5780000,0x00000000f5780000)
  from space 20992K, 31% used [0x00000000f6c00000,0x00000000f7288000,0x00000000f8080000)
  to   space 20992K, 0% used [0x00000000f5780000,0x00000000f5780000,0x00000000f6c00000)
 ParOldGen       total 111616K, used 45694K [0x00000000c0000000, 0x00000000c6d00000, 0x00000000eab00000)
  object space 111616K, 40% used [0x00000000c0000000,0x00000000c2c9fad8,0x00000000c6d00000)
 Metaspace       used 61516K, capacity 63864K, committed 64128K, reserved 1105920K
  class space    used 7900K, capacity 8289K, committed 8320K, reserved 1048576K
Event: 235.910 GC heap after
Heap after GC invocations=21 (full 4):
 PSYoungGen      total 197632K, used 14658K [0x00000000eab00000, 0x00000000f8e00000, 0x0000000100000000)
  eden space 176640K, 0% used [0x00000000eab00000,0x00000000eab00000,0x00000000f5780000)
  from space 20992K, 69% used [0x00000000f5780000,0x00000000f65d0bd0,0x00000000f6c00000)
  to   space 21504K, 0% used [0x00000000f7900000,0x00000000f7900000,0x00000000f8e00000)
 ParOldGen       total 111616K, used 45702K [0x00000000c0000000, 0x00000000c6d00000, 0x00000000eab00000)
  object space 111616K, 40% used [0x00000000c0000000,0x00000000c2ca1ad8,0x00000000c6d00000)
 Metaspace       used 61516K, capacity 63864K, committed 64128K, reserved 1105920K
  class space    used 7900K, capacity 8289K, committed 8320K, reserved 1048576K
}
Event: 240.477 GC heap before
{Heap before GC invocations=22 (full 4):
 PSYoungGen      total 197632K, used 191298K [0x00000000eab00000, 0x00000000f8e00000, 0x0000000100000000)
  eden space 176640K, 100% used [0x00000000eab00000,0x00000000f5780000,0x00000000f5780000)
  from space 20992K, 69% used [0x00000000f5780000,0x00000000f65d0bd0,0x00000000f6c00000)
  to   space 21504K, 0% used [0x00000000f7900000,0x00000000f7900000,0x00000000f8e00000)
 ParOldGen       total 111616K, used 45702K [0x00000000c0000000, 0x00000000c6d00000, 0x00000000eab00000)
  object space 111616K, 40% used [0x00000000c0000000,0x00000000c2ca1ad8,0x00000000c6d00000)
 Metaspace       used 63200K, capacity 65664K, committed 65920K, reserved 1105920K
  class space    used 8104K, capacity 8533K, committed 8576K, reserved 1048576K
Event: 240.508 GC heap after
Heap after GC invocations=22 (full 4):
 PSYoungGen      total 208896K, used 20498K [0x00000000eab00000, 0x00000000f9200000, 0x0000000100000000)
  eden space 187392K, 0% used [0x00000000eab00000,0x00000000eab00000,0x00000000f6200000)
  from space 21504K, 95% used [0x00000000f7900000,0x00000000f8d04ae0,0x00000000f8e00000)
  to   space 23552K, 0% used [0x00000000f6200000,0x00000000f6200000,0x00000000f7900000)
 ParOldGen       total 111616K, used 45702K [0x00000000c0000000, 0x00000000c6d00000, 0x00000000eab00000)
  object space 111616K, 40% used [0x00000000c0000000,0x00000000c2ca1ad8,0x00000000c6d00000)
 Metaspace       used 63200K, capacity 65664K, committed 65920K, reserved 1105920K
  class space    used 8104K, capacity 8533K, committed 8576K, reserved 1048576K
}
Event: 265.040 GC heap before
{Heap before GC invocations=23 (full 4):
 PSYoungGen      total 208896K, used 207890K [0x00000000eab00000, 0x00000000f9200000, 0x0000000100000000)
  eden space 187392K, 100% used [0x00000000eab00000,0x00000000f6200000,0x00000000f6200000)
  from space 21504K, 95% used [0x00000000f7900000,0x00000000f8d04ae0,0x00000000f8e00000)
  to   space 23552K, 0% used [0x00000000f6200000,0x00000000f6200000,0x00000000f7900000)
 ParOldGen       total 111616K, used 45702K [0x00000000c0000000, 0x00000000c6d00000, 0x00000000eab00000)
  object space 111616K, 40% used [0x00000000c0000000,0x00000000c2ca1ad8,0x00000000c6d00000)
 Metaspace       used 63731K, capacity 66224K, committed 66432K, reserved 1107968K
  class space    used 8120K, capacity 8541K, committed 8576K, reserved 1048576K
Event: 265.058 GC heap after
Heap after GC invocations=23 (full 4):
 PSYoungGen      total 210944K, used 11063K [0x00000000eab00000, 0x00000000f9500000, 0x0000000100000000)
  eden space 187392K, 0% used [0x00000000eab00000,0x00000000eab00000,0x00000000f6200000)
  from space 23552K, 46% used [0x00000000f6200000,0x00000000f6ccde00,0x00000000f7900000)
  to   space 22528K, 0% used [0x00000000f7f00000,0x00000000f7f00000,0x00000000f9500000)
 ParOldGen       total 111616K, used 45710K [0x00000000c0000000, 0x00000000c6d00000, 0x00000000eab00000)
  object space 111616K, 40% used [0x00000000c0000000,0x00000000c2ca3ad8,0x00000000c6d00000)
 Metaspace       used 63731K, capacity 66224K, committed 66432K, reserved 1107968K
  class space    used 8120K, capacity 8541K, committed 8576K, reserved 1048576K
}

