# JRE version: Java(TM) SE Runtime Environment (8.0_31-b13) (build 1.8.0_31-b13)
# Java VM: Java HotSpot(TM) 64-Bit Server VM (25.31-b07 mixed mode windows-amd64 compressed oops)
Heap:
 PSYoungGen      total 310784K, used 108542K [0x00000000eab00000, 0x00000000ff280000, 0x0000000100000000)
  eden space 297472K, 36% used [0x00000000eab00000,0x00000000f14ffb20,0x00000000fcd80000)
  from space 13312K, 0% used [0x00000000fe480000,0x00000000fe480000,0x00000000ff180000)
  to   space 18944K, 0% used [0x00000000fcd80000,0x00000000fcd80000,0x00000000fe000000)
 ParOldGen       total 137216K, used 48593K [0x00000000c0000000, 0x00000000c8600000, 0x00000000eab00000)
  object space 137216K, 35% used [0x00000000c0000000,0x00000000c2f744d8,0x00000000c8600000)
 Metaspace       used 68617K, capacity 71826K, committed 72704K, reserved 1112064K
  class space    used 8848K, capacity 9348K, committed 9728K, reserved 1048576K
GC Heap History (10 events):
Event: 1277.534 GC heap before
{Heap before GC invocations=25 (full 6):
 PSYoungGen      total 327680K, used 315427K [0x00000000eab00000, 0x00000000fff00000, 0x0000000100000000)
  eden space 308224K, 100% used [0x00000000eab00000,0x00000000fd800000,0x00000000fd800000)
  from space 19456K, 37% used [0x00000000fec00000,0x00000000ff308e00,0x00000000fff00000)
  to   space 19968K, 0% used [0x00000000fd800000,0x00000000fd800000,0x00000000feb80000)
 ParOldGen       total 137216K, used 49255K [0x00000000c0000000, 0x00000000c8600000, 0x00000000eab00000)
  object space 137216K, 35% used [0x00000000c0000000,0x00000000c3019e40,0x00000000c8600000)
 Metaspace       used 66642K, capacity 69722K, committed 71168K, reserved 1110016K
  class space    used 8722K, capacity 9196K, committed 9728K, reserved 1048576K
Event: 1277.548 GC heap after
Heap after GC invocations=25 (full 6):
 PSYoungGen      total 328192K, used 8752K [0x00000000eab00000, 0x00000000ffe80000, 0x0000000100000000)
  eden space 308224K, 0% used [0x00000000eab00000,0x00000000eab00000,0x00000000fd800000)
  from space 19968K, 43% used [0x00000000fd800000,0x00000000fe08c010,0x00000000feb80000)
  to   space 18944K, 0% used [0x00000000fec00000,0x00000000fec00000,0x00000000ffe80000)
 ParOldGen       total 137216K, used 49799K [0x00000000c0000000, 0x00000000c8600000, 0x00000000eab00000)
  object space 137216K, 36% used [0x00000000c0000000,0x00000000c30a1e60,0x00000000c8600000)
 Metaspace       used 66642K, capacity 69722K, committed 71168K, reserved 1110016K
  class space    used 8722K, capacity 9196K, committed 9728K, reserved 1048576K
}
Event: 1291.180 GC heap before
{Heap before GC invocations=26 (full 6):
 PSYoungGen      total 328192K, used 316976K [0x00000000eab00000, 0x00000000ffe80000, 0x0000000100000000)
  eden space 308224K, 100% used [0x00000000eab00000,0x00000000fd800000,0x00000000fd800000)
  from space 19968K, 43% used [0x00000000fd800000,0x00000000fe08c010,0x00000000feb80000)
  to   space 18944K, 0% used [0x00000000fec00000,0x00000000fec00000,0x00000000ffe80000)
 ParOldGen       total 137216K, used 49799K [0x00000000c0000000, 0x00000000c8600000, 0x00000000eab00000)
  object space 137216K, 36% used [0x00000000c0000000,0x00000000c30a1e60,0x00000000c8600000)
 Metaspace       used 68280K, capacity 71520K, committed 72448K, reserved 1112064K
  class space    used 8850K, capacity 9355K, committed 9728K, reserved 1048576K
Event: 1291.206 GC heap after
Heap after GC invocations=26 (full 6):
 PSYoungGen      total 328704K, used 5064K [0x00000000eab00000, 0x00000000ffe00000, 0x0000000100000000)
  eden space 310272K, 0% used [0x00000000eab00000,0x00000000eab00000,0x00000000fda00000)
  from space 18432K, 27% used [0x00000000fec00000,0x00000000ff0f2150,0x00000000ffe00000)
  to   space 18432K, 0% used [0x00000000fda00000,0x00000000fda00000,0x00000000fec00000)
 ParOldGen       total 137216K, used 55955K [0x00000000c0000000, 0x00000000c8600000, 0x00000000eab00000)
  object space 137216K, 40% used [0x00000000c0000000,0x00000000c36a4f20,0x00000000c8600000)
 Metaspace       used 68280K, capacity 71520K, committed 72448K, reserved 1112064K
  class space    used 8850K, capacity 9355K, committed 9728K, reserved 1048576K
}
Event: 1417.688 GC heap before
{Heap before GC invocations=27 (full 6):
 PSYoungGen      total 328704K, used 314629K [0x00000000eab00000, 0x00000000ffe00000, 0x0000000100000000)
  eden space 310272K, 99% used [0x00000000eab00000,0x00000000fd94f4f8,0x00000000fda00000)
  from space 18432K, 27% used [0x00000000fec00000,0x00000000ff0f2150,0x00000000ffe00000)
  to   space 18432K, 0% used [0x00000000fda00000,0x00000000fda00000,0x00000000fec00000)
 ParOldGen       total 137216K, used 55955K [0x00000000c0000000, 0x00000000c8600000, 0x00000000eab00000)
  object space 137216K, 40% used [0x00000000c0000000,0x00000000c36a4f20,0x00000000c8600000)
 Metaspace       used 68601K, capacity 71936K, committed 72704K, reserved 1112064K
  class space    used 8860K, capacity 9363K, committed 9728K, reserved 1048576K
Event: 1417.700 GC heap after
Heap after GC invocations=27 (full 6):
 PSYoungGen      total 308224K, used 10290K [0x00000000eab00000, 0x00000000ff180000, 0x0000000100000000)
  eden space 297472K, 0% used [0x00000000eab00000,0x00000000eab00000,0x00000000fcd80000)
  from space 10752K, 95% used [0x00000000fda00000,0x00000000fe40cbc0,0x00000000fe480000)
  to   space 13312K, 0% used [0x00000000fe480000,0x00000000fe480000,0x00000000ff180000)
 ParOldGen       total 137216K, used 58245K [0x00000000c0000000, 0x00000000c8600000, 0x00000000eab00000)
  object space 137216K, 42% used [0x00000000c0000000,0x00000000c38e17d8,0x00000000c8600000)
 Metaspace       used 68601K, capacity 71936K, committed 72704K, reserved 1112064K
  class space    used 8860K, capacity 9363K, committed 9728K, reserved 1048576K
}
Event: 1418.037 GC heap before
{Heap before GC invocations=28 (full 6):
 PSYoungGen      total 308224K, used 287666K [0x00000000eab00000, 0x00000000ff180000, 0x0000000100000000)
  eden space 297472K, 93% used [0x00000000eab00000,0x00000000fb9dfd88,0x00000000fcd80000)
  from space 10752K, 95% used [0x00000000fda00000,0x00000000fe40cbc0,0x00000000fe480000)
  to   space 13312K, 0% used [0x00000000fe480000,0x00000000fe480000,0x00000000ff180000)
 ParOldGen       total 137216K, used 58245K [0x00000000c0000000, 0x00000000c8600000, 0x00000000eab00000)
  object space 137216K, 42% used [0x00000000c0000000,0x00000000c38e17d8,0x00000000c8600000)
 Metaspace       used 68608K, capacity 71944K, committed 72704K, reserved 1112064K
  class space    used 8860K, capacity 9363K, committed 9728K, reserved 1048576K
Event: 1418.040 GC heap after
Heap after GC invocations=28 (full 6):
 PSYoungGen      total 310784K, used 288K [0x00000000eab00000, 0x00000000ff280000, 0x0000000100000000)
  eden space 297472K, 0% used [0x00000000eab00000,0x00000000eab00000,0x00000000fcd80000)
  from space 13312K, 2% used [0x00000000fe480000,0x00000000fe4c8000,0x00000000ff180000)
  to   space 18944K, 0% used [0x00000000fcd80000,0x00000000fcd80000,0x00000000fe000000)
 ParOldGen       total 137216K, used 58253K [0x00000000c0000000, 0x00000000c8600000, 0x00000000eab00000)
  object space 137216K, 42% used [0x00000000c0000000,0x00000000c38e37d8,0x00000000c8600000)
 Metaspace       used 68608K, capacity 71944K, committed 72704K, reserved 1112064K
  class space    used 8860K, capacity 9363K, committed 9728K, reserved 1048576K
}
Event: 1418.040 GC heap before
{Heap before GC invocations=29 (full 7):
 PSYoungGen      total 310784K, used 288K [0x00000000eab00000, 0x00000000ff280000, 0x0000000100000000)
  eden space 297472K, 0% used [0x00000000eab00000,0x00000000eab00000,0x00000000fcd80000)
  from space 13312K, 2% used [0x00000000fe480000,0x00000000fe4c8000,0x00000000ff180000)
  to   space 18944K, 0% used [0x00000000fcd80000,0x00000000fcd80000,0x00000000fe000000)
 ParOldGen       total 137216K, used 58253K [0x00000000c0000000, 0x00000000c8600000, 0x00000000eab00000)
  object space 137216K, 42% used [0x00000000c0000000,0x00000000c38e37d8,0x00000000c8600000)
 Metaspace       used 68608K, capacity 71944K, committed 72704K, reserved 1112064K
  class space    used 8860K, capacity 9363K, committed 9728K, reserved 1048576K
Event: 1418.509 GC heap after
Heap after GC invocations=29 (full 7):
 PSYoungGen      total 310784K, used 0K [0x00000000eab00000, 0x00000000ff280000, 0x0000000100000000)
  eden space 297472K, 0% used [0x00000000eab00000,0x00000000eab00000,0x00000000fcd80000)
  from space 13312K, 0% used [0x00000000fe480000,0x00000000fe480000,0x00000000ff180000)
  to   space 18944K, 0% used [0x00000000fcd80000,0x00000000fcd80000,0x00000000fe000000)
 ParOldGen       total 137216K, used 48593K [0x00000000c0000000, 0x00000000c8600000, 0x00000000eab00000)
  object space 137216K, 35% used [0x00000000c0000000,0x00000000c2f744d8,0x00000000c8600000)
 Metaspace       used 68544K, capacity 71734K, committed 72704K, reserved 1112064K
  class space    used 8840K, capacity 9340K, committed 9728K, reserved 1048576K
}

