# JRE version: Java(TM) SE Runtime Environment (8.0_31-b13) (build 1.8.0_31-b13)
# Java VM: Java HotSpot(TM) 64-Bit Server VM (25.31-b07 mixed mode windows-amd64 compressed oops)
Heap:
 PSYoungGen      total 187392K, used 90230K [0x00000000eab00000, 0x00000000f7980000, 0x0000000100000000)
  eden space 169472K, 53% used [0x00000000eab00000,0x00000000f031d880,0x00000000f5080000)
  from space 17920K, 0% used [0x00000000f6700000,0x00000000f6700000,0x00000000f7880000)
  to   space 20992K, 0% used [0x00000000f5080000,0x00000000f5080000,0x00000000f6500000)
 ParOldGen       total 103936K, used 53301K [0x00000000c0000000, 0x00000000c6580000, 0x00000000eab00000)
  object space 103936K, 51% used [0x00000000c0000000,0x00000000c340d5d8,0x00000000c6580000)
 Metaspace       used 64715K, capacity 68112K, committed 68352K, reserved 1110016K
  class space    used 8162K, capacity 8617K, committed 8704K, reserved 1048576K
GC Heap History (10 events):
Event: 708.771 GC heap before
{Heap before GC invocations=43 (full 7):
 PSYoungGen      total 188928K, used 46966K [0x00000000eab00000, 0x00000000f7800000, 0x0000000100000000)
  eden space 171008K, 23% used [0x00000000eab00000,0x00000000ed1c9858,0x00000000f5200000)
  from space 17920K, 40% used [0x00000000f5200000,0x00000000f5914030,0x00000000f6380000)
  to   space 17408K, 0% used [0x00000000f6700000,0x00000000f6700000,0x00000000f7800000)
 ParOldGen       total 103936K, used 47274K [0x00000000c0000000, 0x00000000c6580000, 0x00000000eab00000)
  object space 103936K, 45% used [0x00000000c0000000,0x00000000c2e2a8b8,0x00000000c6580000)
 Metaspace       used 64578K, capacity 67862K, committed 68096K, reserved 1107968K
  class space    used 8168K, capacity 8636K, committed 8704K, reserved 1048576K
Event: 708.777 GC heap after
Heap after GC invocations=43 (full 7):
 PSYoungGen      total 192512K, used 5440K [0x00000000eab00000, 0x00000000f7800000, 0x0000000100000000)
  eden space 175104K, 0% used [0x00000000eab00000,0x00000000eab00000,0x00000000f5600000)
  from space 17408K, 31% used [0x00000000f6700000,0x00000000f6c50020,0x00000000f7800000)
  to   space 17408K, 0% used [0x00000000f5600000,0x00000000f5600000,0x00000000f6700000)
 ParOldGen       total 103936K, used 47282K [0x00000000c0000000, 0x00000000c6580000, 0x00000000eab00000)
  object space 103936K, 45% used [0x00000000c0000000,0x00000000c2e2c8b8,0x00000000c6580000)
 Metaspace       used 64578K, capacity 67862K, committed 68096K, reserved 1107968K
  class space    used 8168K, capacity 8636K, committed 8704K, reserved 1048576K
}
Event: 708.777 GC heap before
{Heap before GC invocations=44 (full 8):
 PSYoungGen      total 192512K, used 5440K [0x00000000eab00000, 0x00000000f7800000, 0x0000000100000000)
  eden space 175104K, 0% used [0x00000000eab00000,0x00000000eab00000,0x00000000f5600000)
  from space 17408K, 31% used [0x00000000f6700000,0x00000000f6c50020,0x00000000f7800000)
  to   space 17408K, 0% used [0x00000000f5600000,0x00000000f5600000,0x00000000f6700000)
 ParOldGen       total 103936K, used 47282K [0x00000000c0000000, 0x00000000c6580000, 0x00000000eab00000)
  object space 103936K, 45% used [0x00000000c0000000,0x00000000c2e2c8b8,0x00000000c6580000)
 Metaspace       used 64578K, capacity 67862K, committed 68096K, reserved 1107968K
  class space    used 8168K, capacity 8636K, committed 8704K, reserved 1048576K
Event: 709.103 GC heap after
Heap after GC invocations=44 (full 8):
 PSYoungGen      total 192512K, used 0K [0x00000000eab00000, 0x00000000f7800000, 0x0000000100000000)
  eden space 175104K, 0% used [0x00000000eab00000,0x00000000eab00000,0x00000000f5600000)
  from space 17408K, 0% used [0x00000000f6700000,0x00000000f6700000,0x00000000f7800000)
  to   space 17408K, 0% used [0x00000000f5600000,0x00000000f5600000,0x00000000f6700000)
 ParOldGen       total 103936K, used 47577K [0x00000000c0000000, 0x00000000c6580000, 0x00000000eab00000)
  object space 103936K, 45% used [0x00000000c0000000,0x00000000c2e76630,0x00000000c6580000)
 Metaspace       used 64552K, capacity 67774K, committed 68096K, reserved 1107968K
  class space    used 8160K, capacity 8628K, committed 8704K, reserved 1048576K
}
Event: 1079.135 GC heap before
{Heap before GC invocations=45 (full 8):
 PSYoungGen      total 192512K, used 175104K [0x00000000eab00000, 0x00000000f7800000, 0x0000000100000000)
  eden space 175104K, 100% used [0x00000000eab00000,0x00000000f5600000,0x00000000f5600000)
  from space 17408K, 0% used [0x00000000f6700000,0x00000000f6700000,0x00000000f7800000)
  to   space 17408K, 0% used [0x00000000f5600000,0x00000000f5600000,0x00000000f6700000)
 ParOldGen       total 103936K, used 47577K [0x00000000c0000000, 0x00000000c6580000, 0x00000000eab00000)
  object space 103936K, 45% used [0x00000000c0000000,0x00000000c2e76630,0x00000000c6580000)
 Metaspace       used 64767K, capacity 68146K, committed 68352K, reserved 1110016K
  class space    used 8176K, capacity 8644K, committed 8704K, reserved 1048576K
Event: 1079.164 GC heap after
Heap after GC invocations=45 (full 8):
 PSYoungGen      total 186880K, used 17407K [0x00000000eab00000, 0x00000000f7880000, 0x0000000100000000)
  eden space 169472K, 0% used [0x00000000eab00000,0x00000000eab00000,0x00000000f5080000)
  from space 17408K, 99% used [0x00000000f5600000,0x00000000f66fff90,0x00000000f6700000)
  to   space 17920K, 0% used [0x00000000f6700000,0x00000000f6700000,0x00000000f7880000)
 ParOldGen       total 103936K, used 49051K [0x00000000c0000000, 0x00000000c6580000, 0x00000000eab00000)
  object space 103936K, 47% used [0x00000000c0000000,0x00000000c2fe6df8,0x00000000c6580000)
 Metaspace       used 64767K, capacity 68146K, committed 68352K, reserved 1110016K
  class space    used 8176K, capacity 8644K, committed 8704K, reserved 1048576K
}
Event: 1083.247 GC heap before
{Heap before GC invocations=46 (full 8):
 PSYoungGen      total 186880K, used 83256K [0x00000000eab00000, 0x00000000f7880000, 0x0000000100000000)
  eden space 169472K, 38% used [0x00000000eab00000,0x00000000eeb4e360,0x00000000f5080000)
  from space 17408K, 99% used [0x00000000f5600000,0x00000000f66fff90,0x00000000f6700000)
  to   space 17920K, 0% used [0x00000000f6700000,0x00000000f6700000,0x00000000f7880000)
 ParOldGen       total 103936K, used 49051K [0x00000000c0000000, 0x00000000c6580000, 0x00000000eab00000)
  object space 103936K, 47% used [0x00000000c0000000,0x00000000c2fe6df8,0x00000000c6580000)
 Metaspace       used 64784K, capacity 68210K, committed 68352K, reserved 1110016K
  class space    used 8176K, capacity 8644K, committed 8704K, reserved 1048576K
Event: 1083.263 GC heap after
Heap after GC invocations=46 (full 8):
 PSYoungGen      total 187392K, used 14859K [0x00000000eab00000, 0x00000000f7980000, 0x0000000100000000)
  eden space 169472K, 0% used [0x00000000eab00000,0x00000000eab00000,0x00000000f5080000)
  from space 17920K, 82% used [0x00000000f6700000,0x00000000f7582d90,0x00000000f7880000)
  to   space 20992K, 0% used [0x00000000f5080000,0x00000000f5080000,0x00000000f6500000)
 ParOldGen       total 103936K, used 49051K [0x00000000c0000000, 0x00000000c6580000, 0x00000000eab00000)
  object space 103936K, 47% used [0x00000000c0000000,0x00000000c2fe6df8,0x00000000c6580000)
 Metaspace       used 64784K, capacity 68210K, committed 68352K, reserved 1110016K
  class space    used 8176K, capacity 8644K, committed 8704K, reserved 1048576K
}
Event: 1083.263 GC heap before
{Heap before GC invocations=47 (full 9):
 PSYoungGen      total 187392K, used 14859K [0x00000000eab00000, 0x00000000f7980000, 0x0000000100000000)
  eden space 169472K, 0% used [0x00000000eab00000,0x00000000eab00000,0x00000000f5080000)
  from space 17920K, 82% used [0x00000000f6700000,0x00000000f7582d90,0x00000000f7880000)
  to   space 20992K, 0% used [0x00000000f5080000,0x00000000f5080000,0x00000000f6500000)
 ParOldGen       total 103936K, used 49051K [0x00000000c0000000, 0x00000000c6580000, 0x00000000eab00000)
  object space 103936K, 47% used [0x00000000c0000000,0x00000000c2fe6df8,0x00000000c6580000)
 Metaspace       used 64784K, capacity 68210K, committed 68352K, reserved 1110016K
  class space    used 8176K, capacity 8644K, committed 8704K, reserved 1048576K
Event: 1083.655 GC heap after
Heap after GC invocations=47 (full 9):
 PSYoungGen      total 187392K, used 0K [0x00000000eab00000, 0x00000000f7980000, 0x0000000100000000)
  eden space 169472K, 0% used [0x00000000eab00000,0x00000000eab00000,0x00000000f5080000)
  from space 17920K, 0% used [0x00000000f6700000,0x00000000f6700000,0x00000000f7880000)
  to   space 20992K, 0% used [0x00000000f5080000,0x00000000f5080000,0x00000000f6500000)
 ParOldGen       total 103936K, used 53301K [0x00000000c0000000, 0x00000000c6580000, 0x00000000eab00000)
  object space 103936K, 51% used [0x00000000c0000000,0x00000000c340d5d8,0x00000000c6580000)
 Metaspace       used 64638K, capacity 67930K, committed 68352K, reserved 1110016K
  class space    used 8151K, capacity 8604K, committed 8704K, reserved 1048576K
}

